#
# A fatal error has been detected by the Java Runtime Environment:
#
#  EXCEPTION_ACCESS_VIOLATION (0xc0000005) at pc=0x00007ffc0f9ab795, pid=16296, tid=22964
#
# JRE version: OpenJDK Runtime Environment (11.0.8+10) (build 11.0.8+10-b944.6842174)
# Java VM: OpenJDK 64-Bit Server VM (11.0.8+10-b944.6842174, mixed mode, tiered, compressed oops, g1 gc, windows-amd64)
# Problematic frame:
# V  [jvm.dll+0x60b795]
#
# No core dump will be written. Minidumps are not enabled by default on client versions of Windows
#
# If you would like to submit a bug report, please visit:
#   https://bugreport.java.com/bugreport/crash.jsp
#

---------------  S U M M A R Y ------------

Command Line: --add-opens=java.base/java.util=ALL-UNNAMED --add-opens=java.base/java.lang=ALL-UNNAMED --add-opens=java.base/java.lang.invoke=ALL-UNNAMED --add-opens=java.prefs/java.util.prefs=ALL-UNNAMED -Xmx2048m -Dfile.encoding=UTF-8 -Duser.country=CN -Duser.language=zh -Duser.variant org.gradle.launcher.daemon.bootstrap.GradleDaemon 6.7.1

Host: Intel(R) Core(TM) i7-9750H CPU @ 2.60GHz, 12 cores, 15G,  Windows 10 , 64 bit Build 19041 (10.0.19041.928)
Time: Mon May 10 16:30:14 2021 中国标准时间 elapsed time: 4 seconds (0d 0h 0m 4s)

---------------  T H R E A D  ---------------

Current thread (0x0000022885571800):  JavaThread "C2 CompilerThread0" daemon [_thread_in_native, id=22964, stack(0x000000e263300000,0x000000e263400000)]


Current CompileTask:
C2:   4113 2590   !   4       java.io.ObjectOutputStream::writeOrdinaryObject (175 bytes)

Stack: [0x000000e263300000,0x000000e263400000],  sp=0x000000e2633fbde0,  free space=1007k
Native frames: (J=compiled Java code, j=interpreted, Vv=VM code, C=native code)
V  [jvm.dll+0x60b795]
V  [jvm.dll+0x2005b6]
V  [jvm.dll+0x1f8792]
V  [jvm.dll+0x1f685f]
V  [jvm.dll+0x17f32c]
V  [jvm.dll+0x205047]
V  [jvm.dll+0x203891]
V  [jvm.dll+0x6dad3f]
V  [jvm.dll+0x6d3895]
V  [jvm.dll+0x5dd4a6]
C  [ucrtbase.dll+0x21bb2]
C  [KERNEL32.DLL+0x17034]
C  [ntdll.dll+0x52651]


siginfo: EXCEPTION_ACCESS_VIOLATION (0xc0000005), reading address 0x0000020000000000


Register to memory mapping:

RIP=0x00007ffc0f9ab795 jvm.dll
RAX=0x0000022888188130 points into unknown readable memory: b0 c0 ca 84 28 02 00 00
RBX=0x00000000000006f0 is an unknown value
RCX=0x0000020000000000 is an unknown value
RDX=0x0000022887b2fb00 points into unknown readable memory: ff ff ff 7f 00 00 00 00
RSP=0x000000e2633fbde0 is pointing into the stack for thread: 0x0000022885571800
RBP=0x0000022884cac0e8 points into unknown readable memory: 50 b8 c0 0f fc 7f 00 00
RSI=0x0000000000000022 is an unknown value
RDI=0x000000e2633fca90 is pointing into the stack for thread: 0x0000022885571800
R8 =0x000000e2633fee78 is pointing into the stack for thread: 0x0000022885571800
R9 =0x0 is NULL
R10=0x0 is NULL
R11=0x000000e2633fbc60 is pointing into the stack for thread: 0x0000022885571800
R12=0x0000000000000e0f is an unknown value
R13=0x000000e2633fca90 is pointing into the stack for thread: 0x0000022885571800
R14=0x0000000000003780 is an unknown value
R15=0x0 is NULL


Registers:
RAX=0x0000022888188130, RBX=0x00000000000006f0, RCX=0x0000020000000000, RDX=0x0000022887b2fb00
RSP=0x000000e2633fbde0, RBP=0x0000022884cac0e8, RSI=0x0000000000000022, RDI=0x000000e2633fca90
R8 =0x000000e2633fee78, R9 =0x0000000000000000, R10=0x0000000000000000, R11=0x000000e2633fbc60
R12=0x0000000000000e0f, R13=0x000000e2633fca90, R14=0x0000000000003780, R15=0x0000000000000000
RIP=0x00007ffc0f9ab795, EFLAGS=0x0000000000010206

Top of Stack: (sp=0x000000e2633fbde0)
0x000000e2633fbde0:   00000000000006a7 0000000000000022
0x000000e2633fbdf0:   0000022888e2e150 00007ffc7fffffff
0x000000e2633fbe00:   0000000000000e0e 00007ffc0f5a05b6
0x000000e2633fbe10:   000000e2633fbe90 0000000000000022
0x000000e2633fbe20:   0000022885f741d8 0000022887b120d0
0x000000e2633fbe30:   00000228854f2840 00007ffc00001000
0x000000e2633fbe40:   000002288adccde0 0000000000000e0f
0x000000e2633fbe50:   00007ffc0fbfcb68 00000228854f2840
0x000000e2633fbe60:   000000e200000100 0000022885f72520
0x000000e2633fbe70:   0000000000000000 00007ffc0f5a02fd
0x000000e2633fbe80:   000000e2633febd0 0000022885f741d8
0x000000e2633fbe90:   0000022885517d78 000000e2633febd0
0x000000e2633fbea0:   000000e2633fbfb0 00007ffc0f598792
0x000000e2633fbeb0:   00007ffc0fb9c070 0000000000000000
0x000000e2633fbec0:   000000e200000022 00000228854f2840
0x000000e2633fbed0:   0000022888227f00 000000000000002f 

Instructions: (pc=0x00007ffc0f9ab795)
0x00007ffc0f9ab695:   2e c0 e8 03 a8 01 74 0c 48 8b 4d 10 48 8b d6 e8
0x00007ffc0f9ab6a5:   47 7f b7 ff 66 85 7e 2e 74 16 48 8b 46 08 48 83
0x00007ffc0f9ab6b5:   38 00 74 0c 48 8b 4d 10 48 8b d6 e8 1b 49 bf ff
0x00007ffc0f9ab6c5:   0f b6 46 2c 24 3f 3c 34 75 12 80 7e 40 00 74 0c
0x00007ffc0f9ab6d5:   48 8b 4d 10 48 8b d6 e8 7f 4a bf ff 48 8b 06 48
0x00007ffc0f9ab6e5:   8b ce ff 10 3d da 00 00 00 75 0c 48 8b 4d 10 48
0x00007ffc0f9ab6f5:   8b d6 e8 a4 49 bf ff 48 8b 05 1d 07 3d 00 48 8b
0x00007ffc0f9ab705:   d6 48 8b 48 28 48 8b 01 ff 90 b0 00 00 00 49 8b
0x00007ffc0f9ab715:   46 10 bf 00 40 00 00 41 bf 00 00 00 00 49 39 06
0x00007ffc0f9ab725:   0f 83 95 fc ff ff 4c 8b 6c 24 20 4c 8b 64 24 60
0x00007ffc0f9ab735:   48 8b 7c 24 58 48 8b 74 24 50 48 83 c4 28 41 5f
0x00007ffc0f9ab745:   41 5e 5d 5b c3 cc cc cc cc cc cc 48 89 5c 24 20
0x00007ffc0f9ab755:   57 48 83 ec 20 33 db 48 8b f9 39 59 48 76 6b 48
0x00007ffc0f9ab765:   89 6c 24 30 48 89 74 24 38 4c 89 74 24 40 0f 1f
0x00007ffc0f9ab775:   40 00 66 0f 1f 84 00 00 00 00 00 48 8b 47 50 4c
0x00007ffc0f9ab785:   8d 34 dd 00 00 00 00 49 8b 0c 06 48 85 c9 74 24
0x00007ffc0f9ab795:   48 8b 01 ff 90 80 00 00 00 48 8b e8 3b 5f 48 72
0x00007ffc0f9ab7a5:   0b 8b d3 48 8d 4f 40 e8 4f 2b fb ff 48 8b 4f 50
0x00007ffc0f9ab7b5:   49 89 2c 0e ff c3 3b 5f 48 72 c0 4c 8b 74 24 40
0x00007ffc0f9ab7c5:   48 8b 74 24 38 48 8b 6c 24 30 48 8b 5c 24 48 48
0x00007ffc0f9ab7d5:   83 c4 20 5f c3 cc cc cc cc cc cc 48 89 5c 24 10
0x00007ffc0f9ab7e5:   48 89 74 24 18 48 89 7c 24 20 8b 41 08 48 8b f2
0x00007ffc0f9ab7f5:   48 8b 59 20 48 8b f9 85 c0 74 56 45 33 c9 44 8b
0x00007ffc0f9ab805:   d8 66 66 0f 1f 84 00 00 00 00 00 4c 8b 57 18 4b
0x00007ffc0f9ab815:   8b 04 0a 48 85 c0 74 2f 48 3b c3 74 2a 8b 48 28
0x00007ffc0f9ab825:   8b c1 c1 e8 05 3b 46 10 73 19 44 8b c0 83 e1 1f
0x00007ffc0f9ab835:   48 8b 46 18 ba 01 00 00 00 d3 e2 42 8b 04 80 23
0x00007ffc0f9ab845:   c2 75 04 4b 89 1c 0a 49 83 c1 08 49 83 eb 01 75
0x00007ffc0f9ab855:   ba 48 8b 5c 24 10 48 8b 74 24 18 48 8b 7c 24 20
0x00007ffc0f9ab865:   c3 cc cc cc cc cc cc cc cc cc cc 48 89 5c 24 20
0x00007ffc0f9ab875:   41 54 41 56 41 57 48 83 ec 20 4c 8b 61 10 48 8b
0x00007ffc0f9ab885:   da 44 8b 71 20 4c 8b f9 49 ff ce 4f 8d 34 f4 4d 


Stack slot to memory mapping:
stack at sp + 0 slots: 0x00000000000006a7 is an unknown value
stack at sp + 1 slots: 0x0000000000000022 is an unknown value
stack at sp + 2 slots: 0x0000022888e2e150 points into unknown readable memory: 78 ee 3f 63 e2 00 00 00
stack at sp + 3 slots: 0x00007ffc7fffffff is an unknown value
stack at sp + 4 slots: 0x0000000000000e0e is an unknown value
stack at sp + 5 slots: 0x00007ffc0f5a05b6 jvm.dll
stack at sp + 6 slots: 0x000000e2633fbe90 is pointing into the stack for thread: 0x0000022885571800
stack at sp + 7 slots: 0x0000000000000022 is an unknown value


---------------  P R O C E S S  ---------------

Threads class SMR info:
_java_thread_list=0x0000022889060df0, length=49, elements={
0x00000228e9cd9800, 0x00000228854f8000, 0x00000228854f9800, 0x000002288551d000,
0x0000022885570800, 0x0000022885571800, 0x0000022885577000, 0x0000022885578000,
0x00000228856e9800, 0x00000228856ea800, 0x0000022886ebb000, 0x0000022885bbb000,
0x0000022885802800, 0x0000022886abd800, 0x000002288684b800, 0x0000022886a45000,
0x00000228869e7800, 0x0000022886938800, 0x00000228867e2800, 0x0000022886987800,
0x00000228874e3000, 0x00000228874e7000, 0x00000228874e8000, 0x0000022887f3b800,
0x0000022886e69000, 0x00000228874e5800, 0x00000228874e8800, 0x00000228874e9800,
0x00000228874e3800, 0x00000228874e4800, 0x00000228874e6000, 0x00000228891dc800,
0x00000228891d8000, 0x00000228891dd000, 0x00000228891de000, 0x00000228891da800,
0x00000228891d9000, 0x00000228891de800, 0x00000228891df800, 0x00000228891da000,
0x00000228891e0800, 0x00000228891e1000, 0x00000228891db800, 0x00000228891e3000,
0x00000228891e3800, 0x00000228891e5000, 0x00000228891e6000, 0x00000228891e7000,
0x00000228891e4800
}

Java Threads: ( => current thread )
  0x00000228e9cd9800 JavaThread "main" [_thread_blocked, id=4236, stack(0x000000e262800000,0x000000e262900000)]
  0x00000228854f8000 JavaThread "Reference Handler" daemon [_thread_blocked, id=656, stack(0x000000e262f00000,0x000000e263000000)]
  0x00000228854f9800 JavaThread "Finalizer" daemon [_thread_blocked, id=23424, stack(0x000000e263000000,0x000000e263100000)]
  0x000002288551d000 JavaThread "Signal Dispatcher" daemon [_thread_blocked, id=17832, stack(0x000000e263100000,0x000000e263200000)]
  0x0000022885570800 JavaThread "Attach Listener" daemon [_thread_blocked, id=18944, stack(0x000000e263200000,0x000000e263300000)]
=>0x0000022885571800 JavaThread "C2 CompilerThread0" daemon [_thread_in_native, id=22964, stack(0x000000e263300000,0x000000e263400000)]
  0x0000022885577000 JavaThread "C1 CompilerThread0" daemon [_thread_blocked, id=23436, stack(0x000000e263400000,0x000000e263500000)]
  0x0000022885578000 JavaThread "Sweeper thread" daemon [_thread_blocked, id=22760, stack(0x000000e263500000,0x000000e263600000)]
  0x00000228856e9800 JavaThread "Common-Cleaner" daemon [_thread_blocked, id=12160, stack(0x000000e263600000,0x000000e263700000)]
  0x00000228856ea800 JavaThread "Service Thread" daemon [_thread_blocked, id=20896, stack(0x000000e263700000,0x000000e263800000)]
  0x0000022886ebb000 JavaThread "Daemon health stats" [_thread_blocked, id=20576, stack(0x000000e264000000,0x000000e264100000)]
  0x0000022885bbb000 JavaThread "Incoming local TCP Connector on port 53086" [_thread_in_native, id=23336, stack(0x000000e264100000,0x000000e264200000)]
  0x0000022885802800 JavaThread "Daemon periodic checks" [_thread_blocked, id=20548, stack(0x000000e264200000,0x000000e264300000)]
  0x0000022886abd800 JavaThread "Daemon" [_thread_blocked, id=17164, stack(0x000000e264300000,0x000000e264400000)]
  0x000002288684b800 JavaThread "Handler for socket connection from /127.0.0.1:53086 to /127.0.0.1:53087" [_thread_in_native, id=19060, stack(0x000000e264400000,0x000000e264500000)]
  0x0000022886a45000 JavaThread "Cancel handler" [_thread_blocked, id=7808, stack(0x000000e264500000,0x000000e264600000)]
  0x00000228869e7800 JavaThread "Daemon worker" [_thread_in_vm, id=17096, stack(0x000000e264600000,0x000000e264700000)]
  0x0000022886938800 JavaThread "Asynchronous log dispatcher for DefaultDaemonConnection: socket connection from /127.0.0.1:53086 to /127.0.0.1:53087" [_thread_blocked, id=14876, stack(0x000000e264700000,0x000000e264800000)]
  0x00000228867e2800 JavaThread "Stdin handler" [_thread_blocked, id=21268, stack(0x000000e264800000,0x000000e264900000)]
  0x0000022886987800 JavaThread "Thread-8" [_thread_blocked, id=8660, stack(0x000000e264900000,0x000000e264a00000)]
  0x00000228874e3000 JavaThread "Cache worker for file hash cache (C:\Users\HP\.gradle\caches\6.7.1\fileHashes)" [_thread_blocked, id=4628, stack(0x000000e264a00000,0x000000e264b00000)]
  0x00000228874e7000 JavaThread "File lock request listener" [_thread_in_native, id=6976, stack(0x000000e264b00000,0x000000e264c00000)]
  0x00000228874e8000 JavaThread "Cache worker for journal cache (C:\Users\HP\.gradle\caches\journal-1)" [_thread_in_Java, id=11632, stack(0x000000e265200000,0x000000e265300000)]
  0x0000022887f3b800 JavaThread "C2 CompilerThread1" daemon [_thread_in_native, id=23156, stack(0x000000e265300000,0x000000e265400000)]
  0x0000022886e69000 JavaThread "C2 CompilerThread2" daemon [_thread_in_native, id=4800, stack(0x000000e265400000,0x000000e265500000)]
  0x00000228874e5800 JavaThread "Cache worker for file hash cache (C:\Users\HP\AndroidStudioProjects\InfoClassfy\.gradle\6.7.1\fileHashes)" [_thread_blocked, id=21288, stack(0x000000e265500000,0x000000e265600000)]
  0x00000228874e8800 JavaThread "jar transforms" [_thread_blocked, id=20068, stack(0x000000e265600000,0x000000e265700000)]
  0x00000228874e9800 JavaThread "jar transforms Thread 2" [_thread_blocked, id=18052, stack(0x000000e265700000,0x000000e265800000)]
  0x00000228874e3800 JavaThread "jar transforms Thread 3" [_thread_blocked, id=17132, stack(0x000000e265800000,0x000000e265900000)]
  0x00000228874e4800 JavaThread "jar transforms Thread 4" [_thread_blocked, id=20536, stack(0x000000e265900000,0x000000e265a00000)]
  0x00000228874e6000 JavaThread "jar transforms Thread 5" [_thread_blocked, id=20976, stack(0x000000e265a00000,0x000000e265b00000)]
  0x00000228891dc800 JavaThread "jar transforms Thread 6" [_thread_blocked, id=8940, stack(0x000000e265b00000,0x000000e265c00000)]
  0x00000228891d8000 JavaThread "jar transforms Thread 7" [_thread_blocked, id=12048, stack(0x000000e265c00000,0x000000e265d00000)]
  0x00000228891dd000 JavaThread "jar transforms Thread 8" [_thread_blocked, id=6324, stack(0x000000e265d00000,0x000000e265e00000)]
  0x00000228891de000 JavaThread "jar transforms Thread 9" [_thread_blocked, id=21432, stack(0x000000e265e00000,0x000000e265f00000)]
  0x00000228891da800 JavaThread "jar transforms Thread 10" [_thread_blocked, id=22108, stack(0x000000e265f00000,0x000000e266000000)]
  0x00000228891d9000 JavaThread "jar transforms Thread 11" [_thread_blocked, id=20632, stack(0x000000e266000000,0x000000e266100000)]
  0x00000228891de800 JavaThread "jar transforms Thread 12" [_thread_blocked, id=22276, stack(0x000000e266100000,0x000000e266200000)]
  0x00000228891df800 JavaThread "jar transforms Thread 13" [_thread_blocked, id=6824, stack(0x000000e266200000,0x000000e266300000)]
  0x00000228891da000 JavaThread "jar transforms Thread 14" [_thread_blocked, id=21800, stack(0x000000e266300000,0x000000e266400000)]
  0x00000228891e0800 JavaThread "jar transforms Thread 15" [_thread_blocked, id=18940, stack(0x000000e266400000,0x000000e266500000)]
  0x00000228891e1000 JavaThread "jar transforms Thread 16" [_thread_blocked, id=17004, stack(0x000000e266500000,0x000000e266600000)]
  0x00000228891db800 JavaThread "jar transforms Thread 17" [_thread_blocked, id=19504, stack(0x000000e266600000,0x000000e266700000)]
  0x00000228891e3000 JavaThread "jar transforms Thread 18" [_thread_blocked, id=19472, stack(0x000000e266700000,0x000000e266800000)]
  0x00000228891e3800 JavaThread "jar transforms Thread 19" [_thread_blocked, id=15032, stack(0x000000e266800000,0x000000e266900000)]
  0x00000228891e5000 JavaThread "jar transforms Thread 20" [_thread_blocked, id=20624, stack(0x000000e266900000,0x000000e266a00000)]
  0x00000228891e6000 JavaThread "jar transforms Thread 21" [_thread_blocked, id=23404, stack(0x000000e266a00000,0x000000e266b00000)]
  0x00000228891e7000 JavaThread "Cache worker for checksums cache (C:\Users\HP\AndroidStudioProjects\InfoClassfy\.gradle\checksums)" [_thread_blocked, id=21884, stack(0x000000e266b00000,0x000000e266c00000)]
  0x00000228891e4800 JavaThread "Cache worker for cache directory md-supplier (C:\Users\HP\.gradle\caches\6.7.1\md-supplier)" [_thread_blocked, id=19988, stack(0x000000e266c00000,0x000000e266d00000)]

Other Threads:
  0x00000228854f6800 VMThread "VM Thread" [stack: 0x000000e262e00000,0x000000e262f00000] [id=22204]
  0x00000228856ef800 WatcherThread [stack: 0x000000e263800000,0x000000e263900000] [id=19340]
  0x00000228e9cf4000 GCTaskThread "GC Thread#0" [stack: 0x000000e262900000,0x000000e262a00000] [id=20312]
  0x0000022886189000 GCTaskThread "GC Thread#1" [stack: 0x000000e263b00000,0x000000e263c00000] [id=6864]
  0x00000228861af800 GCTaskThread "GC Thread#2" [stack: 0x000000e263c00000,0x000000e263d00000] [id=3992]
  0x00000228862fd800 GCTaskThread "GC Thread#3" [stack: 0x000000e263d00000,0x000000e263e00000] [id=21856]
  0x00000228863f8800 GCTaskThread "GC Thread#4" [stack: 0x000000e263e00000,0x000000e263f00000] [id=20600]
  0x00000228863fb800 GCTaskThread "GC Thread#5" [stack: 0x000000e263f00000,0x000000e264000000] [id=22436]
  0x00000228863f9000 GCTaskThread "GC Thread#6" [stack: 0x000000e264c00000,0x000000e264d00000] [id=16948]
  0x00000228863fa000 GCTaskThread "GC Thread#7" [stack: 0x000000e264d00000,0x000000e264e00000] [id=23516]
  0x00000228863fa800 GCTaskThread "GC Thread#8" [stack: 0x000000e264e00000,0x000000e264f00000] [id=22920]
  0x00000228863fe000 GCTaskThread "GC Thread#9" [stack: 0x000000e264f00000,0x000000e265000000] [id=22984]
  0x00000228e9d28000 ConcurrentGCThread "G1 Main Marker" [stack: 0x000000e262a00000,0x000000e262b00000] [id=20264]
  0x00000228e9d29000 ConcurrentGCThread "G1 Conc#0" [stack: 0x000000e262b00000,0x000000e262c00000] [id=21992]
  0x00000228863fc000 ConcurrentGCThread "G1 Conc#1" [stack: 0x000000e265000000,0x000000e265100000] [id=5288]
  0x00000228863f7800 ConcurrentGCThread "G1 Conc#2" [stack: 0x000000e265100000,0x000000e265200000] [id=996]
  0x0000022884b40800 ConcurrentGCThread "G1 Refine#0" [stack: 0x000000e262c00000,0x000000e262d00000] [id=12056]
  0x0000022884b41800 ConcurrentGCThread "G1 Young RemSet Sampling" [stack: 0x000000e262d00000,0x000000e262e00000] [id=23444]

Threads with active compile tasks:
C2 CompilerThread0   4185 2590   !   4       java.io.ObjectOutputStream::writeOrdinaryObject (175 bytes)
C2 CompilerThread1   4185 2598   !   4       java.io.ObjectOutputStream::writeSerialData (221 bytes)
C2 CompilerThread2   4185 2592   !   4       java.io.ObjectStreamClass::lookup (334 bytes)

VM state:not at safepoint (normal execution)

VM Mutex/Monitor currently owned by a thread: None

OutOfMemory and StackOverflow Exception counts:
StackOverflowErrors=19
LinkageErrors=90

Heap address: 0x0000000080000000, size: 2048 MB, Compressed Oops mode: 32-bit
Narrow klass base: 0x0000000000000000, Narrow klass shift: 3
Compressed class space size: 1073741824 Address: 0x0000000100000000

Heap:
 garbage-first heap   total 260096K, used 103319K [0x0000000080000000, 0x0000000100000000)
  region size 1024K, 78 young (79872K), 2 survivors (2048K)
 Metaspace       used 28110K, capacity 28925K, committed 28976K, reserved 1075200K
  class space    used 3705K, capacity 3961K, committed 3968K, reserved 1048576K
Heap Regions: E=young(eden), S=young(survivor), O=old, HS=humongous(starts), HC=humongous(continues), CS=collection set, F=free, A=archive, TAMS=top-at-mark-start (previous, next)
|   0|0x0000000080000000, 0x0000000080100000, 0x0000000080100000|100%| O|  |TAMS 0x0000000080000000, 0x0000000080000000| Untracked 
|   1|0x0000000080100000, 0x0000000080200000, 0x0000000080200000|100%| O|  |TAMS 0x0000000080100000, 0x0000000080100000| Untracked 
|   2|0x0000000080200000, 0x0000000080300000, 0x0000000080300000|100%| O|  |TAMS 0x0000000080200000, 0x0000000080200000| Untracked 
|   3|0x0000000080300000, 0x0000000080400000, 0x0000000080400000|100%|HS|  |TAMS 0x0000000080400000, 0x0000000080300000| Complete 
|   4|0x0000000080400000, 0x0000000080500000, 0x0000000080500000|100%|HC|  |TAMS 0x0000000080500000, 0x0000000080400000| Complete 
|   5|0x0000000080500000, 0x0000000080600000, 0x0000000080600000|100%|HC|  |TAMS 0x0000000080600000, 0x0000000080500000| Complete 
|   6|0x0000000080600000, 0x0000000080700000, 0x0000000080700000|100%| O|  |TAMS 0x0000000080700000, 0x0000000080600000| Untracked 
|   7|0x0000000080700000, 0x0000000080800000, 0x0000000080800000|100%| O|  |TAMS 0x0000000080800000, 0x0000000080700000| Untracked 
|   8|0x0000000080800000, 0x0000000080900000, 0x0000000080900000|100%| O|  |TAMS 0x0000000080900000, 0x0000000080800000| Untracked 
|   9|0x0000000080900000, 0x0000000080a00000, 0x0000000080a00000|100%| O|  |TAMS 0x0000000080905a00, 0x0000000080900000| Untracked 
|  10|0x0000000080a00000, 0x0000000080b00000, 0x0000000080b00000|100%| O|  |TAMS 0x0000000080a00000, 0x0000000080a00000| Untracked 
|  11|0x0000000080b00000, 0x0000000080c00000, 0x0000000080c00000|100%| O|  |TAMS 0x0000000080b00000, 0x0000000080b00000| Untracked 
|  12|0x0000000080c00000, 0x0000000080d00000, 0x0000000080d00000|100%| O|  |TAMS 0x0000000080c00000, 0x0000000080c00000| Untracked 
|  13|0x0000000080d00000, 0x0000000080e00000, 0x0000000080e00000|100%| O|  |TAMS 0x0000000080d00000, 0x0000000080d00000| Untracked 
|  14|0x0000000080e00000, 0x0000000080f00000, 0x0000000080f00000|100%| O|  |TAMS 0x0000000080e00000, 0x0000000080e00000| Untracked 
|  15|0x0000000080f00000, 0x0000000081000000, 0x0000000081000000|100%| O|  |TAMS 0x0000000080f00000, 0x0000000080f00000| Untracked 
|  16|0x0000000081000000, 0x0000000081010c00, 0x0000000081100000|  6%| O|  |TAMS 0x0000000081000000, 0x0000000081000000| Untracked 
|  17|0x0000000081100000, 0x0000000081200000, 0x0000000081200000|100%|HS|  |TAMS 0x0000000081100000, 0x0000000081100000| Complete 
|  18|0x0000000081200000, 0x0000000081300000, 0x0000000081300000|100%|HC|  |TAMS 0x0000000081200000, 0x0000000081200000| Complete 
|  19|0x0000000081300000, 0x0000000081400000, 0x0000000081400000|100%|HS|  |TAMS 0x0000000081300000, 0x0000000081300000| Complete 
|  20|0x0000000081400000, 0x0000000081500000, 0x0000000081500000|100%|HC|  |TAMS 0x0000000081400000, 0x0000000081400000| Complete 
|  21|0x0000000081500000, 0x0000000081600000, 0x0000000081600000|100%|HC|  |TAMS 0x0000000081500000, 0x0000000081500000| Complete 
|  22|0x0000000081600000, 0x0000000081700000, 0x0000000081700000|100%|HS|  |TAMS 0x0000000081600000, 0x0000000081600000| Complete 
|  23|0x0000000081700000, 0x0000000081800000, 0x0000000081800000|100%|HC|  |TAMS 0x0000000081700000, 0x0000000081700000| Complete 
|  24|0x0000000081800000, 0x0000000081900000, 0x0000000081900000|100%|HC|  |TAMS 0x0000000081800000, 0x0000000081800000| Complete 
|  25|0x0000000081900000, 0x0000000081a00000, 0x0000000081a00000|100%|HC|  |TAMS 0x0000000081900000, 0x0000000081900000| Complete 
|  26|0x0000000081a00000, 0x0000000081a00000, 0x0000000081b00000|  0%| F|  |TAMS 0x0000000081a00000, 0x0000000081a00000| Untracked 
|  27|0x0000000081b00000, 0x0000000081b00000, 0x0000000081c00000|  0%| F|  |TAMS 0x0000000081b00000, 0x0000000081b00000| Untracked 
|  28|0x0000000081c00000, 0x0000000081c00000, 0x0000000081d00000|  0%| F|  |TAMS 0x0000000081c00000, 0x0000000081c00000| Untracked 
|  29|0x0000000081d00000, 0x0000000081d00000, 0x0000000081e00000|  0%| F|  |TAMS 0x0000000081d00000, 0x0000000081d00000| Untracked 
|  30|0x0000000081e00000, 0x0000000081e00000, 0x0000000081f00000|  0%| F|  |TAMS 0x0000000081e00000, 0x0000000081e00000| Untracked 
|  31|0x0000000081f00000, 0x0000000081f00000, 0x0000000082000000|  0%| F|  |TAMS 0x0000000081f00000, 0x0000000081f00000| Untracked 
|  32|0x0000000082000000, 0x0000000082000000, 0x0000000082100000|  0%| F|  |TAMS 0x0000000082000000, 0x0000000082000000| Untracked 
|  33|0x0000000082100000, 0x0000000082100000, 0x0000000082200000|  0%| F|  |TAMS 0x0000000082100000, 0x0000000082100000| Untracked 
|  34|0x0000000082200000, 0x0000000082200000, 0x0000000082300000|  0%| F|  |TAMS 0x0000000082200000, 0x0000000082200000| Untracked 
|  35|0x0000000082300000, 0x0000000082300000, 0x0000000082400000|  0%| F|  |TAMS 0x0000000082300000, 0x0000000082300000| Untracked 
|  36|0x0000000082400000, 0x0000000082400000, 0x0000000082500000|  0%| F|  |TAMS 0x0000000082400000, 0x0000000082400000| Untracked 
|  37|0x0000000082500000, 0x0000000082500000, 0x0000000082600000|  0%| F|  |TAMS 0x0000000082500000, 0x0000000082500000| Untracked 
|  38|0x0000000082600000, 0x0000000082600000, 0x0000000082700000|  0%| F|  |TAMS 0x0000000082600000, 0x0000000082600000| Untracked 
|  39|0x0000000082700000, 0x0000000082700000, 0x0000000082800000|  0%| F|  |TAMS 0x0000000082700000, 0x0000000082700000| Untracked 
|  40|0x0000000082800000, 0x0000000082800000, 0x0000000082900000|  0%| F|  |TAMS 0x0000000082800000, 0x0000000082800000| Untracked 
|  41|0x0000000082900000, 0x0000000082900000, 0x0000000082a00000|  0%| F|  |TAMS 0x0000000082900000, 0x0000000082900000| Untracked 
|  42|0x0000000082a00000, 0x0000000082a00000, 0x0000000082b00000|  0%| F|  |TAMS 0x0000000082a00000, 0x0000000082a00000| Untracked 
|  43|0x0000000082b00000, 0x0000000082b00000, 0x0000000082c00000|  0%| F|  |TAMS 0x0000000082b00000, 0x0000000082b00000| Untracked 
|  44|0x0000000082c00000, 0x0000000082c00000, 0x0000000082d00000|  0%| F|  |TAMS 0x0000000082c00000, 0x0000000082c00000| Untracked 
|  45|0x0000000082d00000, 0x0000000082d00000, 0x0000000082e00000|  0%| F|  |TAMS 0x0000000082d00000, 0x0000000082d00000| Untracked 
|  46|0x0000000082e00000, 0x0000000082e00000, 0x0000000082f00000|  0%| F|  |TAMS 0x0000000082e00000, 0x0000000082e00000| Untracked 
|  47|0x0000000082f00000, 0x0000000082f00000, 0x0000000083000000|  0%| F|  |TAMS 0x0000000082f00000, 0x0000000082f00000| Untracked 
|  48|0x0000000083000000, 0x0000000083000000, 0x0000000083100000|  0%| F|  |TAMS 0x0000000083000000, 0x0000000083000000| Untracked 
|  49|0x0000000083100000, 0x0000000083100000, 0x0000000083200000|  0%| F|  |TAMS 0x0000000083100000, 0x0000000083100000| Untracked 
|  50|0x0000000083200000, 0x0000000083200000, 0x0000000083300000|  0%| F|  |TAMS 0x0000000083200000, 0x0000000083200000| Untracked 
|  51|0x0000000083300000, 0x0000000083300000, 0x0000000083400000|  0%| F|  |TAMS 0x0000000083300000, 0x0000000083300000| Untracked 
|  52|0x0000000083400000, 0x0000000083400000, 0x0000000083500000|  0%| F|  |TAMS 0x0000000083400000, 0x0000000083400000| Untracked 
|  53|0x0000000083500000, 0x0000000083500000, 0x0000000083600000|  0%| F|  |TAMS 0x0000000083500000, 0x0000000083500000| Untracked 
|  54|0x0000000083600000, 0x0000000083600000, 0x0000000083700000|  0%| F|  |TAMS 0x0000000083600000, 0x0000000083600000| Untracked 
|  55|0x0000000083700000, 0x0000000083700000, 0x0000000083800000|  0%| F|  |TAMS 0x0000000083700000, 0x0000000083700000| Untracked 
|  56|0x0000000083800000, 0x0000000083800000, 0x0000000083900000|  0%| F|  |TAMS 0x0000000083800000, 0x0000000083800000| Untracked 
|  57|0x0000000083900000, 0x0000000083900000, 0x0000000083a00000|  0%| F|  |TAMS 0x0000000083900000, 0x0000000083900000| Untracked 
|  58|0x0000000083a00000, 0x0000000083a00000, 0x0000000083b00000|  0%| F|  |TAMS 0x0000000083a00000, 0x0000000083a00000| Untracked 
|  59|0x0000000083b00000, 0x0000000083b00000, 0x0000000083c00000|  0%| F|  |TAMS 0x0000000083b00000, 0x0000000083b00000| Untracked 
|  60|0x0000000083c00000, 0x0000000083c00000, 0x0000000083d00000|  0%| F|  |TAMS 0x0000000083c00000, 0x0000000083c00000| Untracked 
|  61|0x0000000083d00000, 0x0000000083d00000, 0x0000000083e00000|  0%| F|  |TAMS 0x0000000083d00000, 0x0000000083d00000| Untracked 
|  62|0x0000000083e00000, 0x0000000083e00000, 0x0000000083f00000|  0%| F|  |TAMS 0x0000000083e00000, 0x0000000083e00000| Untracked 
|  63|0x0000000083f00000, 0x0000000083f00000, 0x0000000084000000|  0%| F|  |TAMS 0x0000000083f00000, 0x0000000083f00000| Untracked 
|  64|0x0000000084000000, 0x0000000084000000, 0x0000000084100000|  0%| F|  |TAMS 0x0000000084000000, 0x0000000084000000| Untracked 
|  65|0x0000000084100000, 0x0000000084100000, 0x0000000084200000|  0%| F|  |TAMS 0x0000000084100000, 0x0000000084100000| Untracked 
|  66|0x0000000084200000, 0x0000000084200000, 0x0000000084300000|  0%| F|  |TAMS 0x0000000084200000, 0x0000000084200000| Untracked 
|  67|0x0000000084300000, 0x0000000084300000, 0x0000000084400000|  0%| F|  |TAMS 0x0000000084300000, 0x0000000084300000| Untracked 
|  68|0x0000000084400000, 0x0000000084400000, 0x0000000084500000|  0%| F|  |TAMS 0x0000000084400000, 0x0000000084400000| Untracked 
|  69|0x0000000084500000, 0x0000000084500000, 0x0000000084600000|  0%| F|  |TAMS 0x0000000084500000, 0x0000000084500000| Untracked 
|  70|0x0000000084600000, 0x0000000084600000, 0x0000000084700000|  0%| F|  |TAMS 0x0000000084600000, 0x0000000084600000| Untracked 
|  71|0x0000000084700000, 0x0000000084700000, 0x0000000084800000|  0%| F|  |TAMS 0x0000000084700000, 0x0000000084700000| Untracked 
|  72|0x0000000084800000, 0x0000000084800000, 0x0000000084900000|  0%| F|  |TAMS 0x0000000084800000, 0x0000000084800000| Untracked 
|  73|0x0000000084900000, 0x0000000084900000, 0x0000000084a00000|  0%| F|  |TAMS 0x0000000084900000, 0x0000000084900000| Untracked 
|  74|0x0000000084a00000, 0x0000000084a00000, 0x0000000084b00000|  0%| F|  |TAMS 0x0000000084a00000, 0x0000000084a00000| Untracked 
|  75|0x0000000084b00000, 0x0000000084b00000, 0x0000000084c00000|  0%| F|  |TAMS 0x0000000084b00000, 0x0000000084b00000| Untracked 
|  76|0x0000000084c00000, 0x0000000084c00000, 0x0000000084d00000|  0%| F|  |TAMS 0x0000000084c00000, 0x0000000084c00000| Untracked 
|  77|0x0000000084d00000, 0x0000000084d00000, 0x0000000084e00000|  0%| F|  |TAMS 0x0000000084d00000, 0x0000000084d00000| Untracked 
|  78|0x0000000084e00000, 0x0000000084e00000, 0x0000000084f00000|  0%| F|  |TAMS 0x0000000084e00000, 0x0000000084e00000| Untracked 
|  79|0x0000000084f00000, 0x0000000084f00000, 0x0000000085000000|  0%| F|  |TAMS 0x0000000084f00000, 0x0000000084f00000| Untracked 
|  80|0x0000000085000000, 0x0000000085000000, 0x0000000085100000|  0%| F|  |TAMS 0x0000000085000000, 0x0000000085000000| Untracked 
|  81|0x0000000085100000, 0x0000000085100000, 0x0000000085200000|  0%| F|  |TAMS 0x0000000085100000, 0x0000000085100000| Untracked 
|  82|0x0000000085200000, 0x0000000085200000, 0x0000000085300000|  0%| F|  |TAMS 0x0000000085200000, 0x0000000085200000| Untracked 
|  83|0x0000000085300000, 0x0000000085300000, 0x0000000085400000|  0%| F|  |TAMS 0x0000000085300000, 0x0000000085300000| Untracked 
|  84|0x0000000085400000, 0x0000000085400000, 0x0000000085500000|  0%| F|  |TAMS 0x0000000085400000, 0x0000000085400000| Untracked 
|  85|0x0000000085500000, 0x0000000085500000, 0x0000000085600000|  0%| F|  |TAMS 0x0000000085500000, 0x0000000085500000| Untracked 
|  86|0x0000000085600000, 0x0000000085600000, 0x0000000085700000|  0%| F|  |TAMS 0x0000000085600000, 0x0000000085600000| Untracked 
|  87|0x0000000085700000, 0x0000000085700000, 0x0000000085800000|  0%| F|  |TAMS 0x0000000085700000, 0x0000000085700000| Untracked 
|  88|0x0000000085800000, 0x0000000085800000, 0x0000000085900000|  0%| F|  |TAMS 0x0000000085800000, 0x0000000085800000| Untracked 
|  89|0x0000000085900000, 0x0000000085900000, 0x0000000085a00000|  0%| F|  |TAMS 0x0000000085900000, 0x0000000085900000| Untracked 
|  90|0x0000000085a00000, 0x0000000085a00000, 0x0000000085b00000|  0%| F|  |TAMS 0x0000000085a00000, 0x0000000085a00000| Untracked 
|  91|0x0000000085b00000, 0x0000000085b00000, 0x0000000085c00000|  0%| F|  |TAMS 0x0000000085b00000, 0x0000000085b00000| Untracked 
|  92|0x0000000085c00000, 0x0000000085c00000, 0x0000000085d00000|  0%| F|  |TAMS 0x0000000085c00000, 0x0000000085c00000| Untracked 
|  93|0x0000000085d00000, 0x0000000085d00000, 0x0000000085e00000|  0%| F|  |TAMS 0x0000000085d00000, 0x0000000085d00000| Untracked 
|  94|0x0000000085e00000, 0x0000000085e00000, 0x0000000085f00000|  0%| F|  |TAMS 0x0000000085e00000, 0x0000000085e00000| Untracked 
|  95|0x0000000085f00000, 0x0000000085f00000, 0x0000000086000000|  0%| F|  |TAMS 0x0000000085f00000, 0x0000000085f00000| Untracked 
|  96|0x0000000086000000, 0x0000000086000000, 0x0000000086100000|  0%| F|  |TAMS 0x0000000086000000, 0x0000000086000000| Untracked 
|  97|0x0000000086100000, 0x0000000086100000, 0x0000000086200000|  0%| F|  |TAMS 0x0000000086100000, 0x0000000086100000| Untracked 
|  98|0x0000000086200000, 0x0000000086200000, 0x0000000086300000|  0%| F|  |TAMS 0x0000000086200000, 0x0000000086200000| Untracked 
|  99|0x0000000086300000, 0x0000000086300000, 0x0000000086400000|  0%| F|  |TAMS 0x0000000086300000, 0x0000000086300000| Untracked 
| 100|0x0000000086400000, 0x0000000086400000, 0x0000000086500000|  0%| F|  |TAMS 0x0000000086400000, 0x0000000086400000| Untracked 
| 101|0x0000000086500000, 0x0000000086500000, 0x0000000086600000|  0%| F|  |TAMS 0x0000000086500000, 0x0000000086500000| Untracked 
| 102|0x0000000086600000, 0x0000000086600000, 0x0000000086700000|  0%| F|  |TAMS 0x0000000086600000, 0x0000000086600000| Untracked 
| 103|0x0000000086700000, 0x0000000086700000, 0x0000000086800000|  0%| F|  |TAMS 0x0000000086700000, 0x0000000086700000| Untracked 
| 104|0x0000000086800000, 0x0000000086800000, 0x0000000086900000|  0%| F|  |TAMS 0x0000000086800000, 0x0000000086800000| Untracked 
| 105|0x0000000086900000, 0x0000000086900000, 0x0000000086a00000|  0%| F|  |TAMS 0x0000000086900000, 0x0000000086900000| Untracked 
| 106|0x0000000086a00000, 0x0000000086a00000, 0x0000000086b00000|  0%| F|  |TAMS 0x0000000086a00000, 0x0000000086a00000| Untracked 
| 107|0x0000000086b00000, 0x0000000086b00000, 0x0000000086c00000|  0%| F|  |TAMS 0x0000000086b00000, 0x0000000086b00000| Untracked 
| 108|0x0000000086c00000, 0x0000000086c00000, 0x0000000086d00000|  0%| F|  |TAMS 0x0000000086c00000, 0x0000000086c00000| Untracked 
| 109|0x0000000086d00000, 0x0000000086d00000, 0x0000000086e00000|  0%| F|  |TAMS 0x0000000086d00000, 0x0000000086d00000| Untracked 
| 110|0x0000000086e00000, 0x0000000086e00000, 0x0000000086f00000|  0%| F|  |TAMS 0x0000000086e00000, 0x0000000086e00000| Untracked 
| 111|0x0000000086f00000, 0x0000000086f00000, 0x0000000087000000|  0%| F|  |TAMS 0x0000000086f00000, 0x0000000086f00000| Untracked 
| 112|0x0000000087000000, 0x0000000087000000, 0x0000000087100000|  0%| F|  |TAMS 0x0000000087000000, 0x0000000087000000| Untracked 
| 113|0x0000000087100000, 0x0000000087100000, 0x0000000087200000|  0%| F|  |TAMS 0x0000000087100000, 0x0000000087100000| Untracked 
| 114|0x0000000087200000, 0x0000000087200000, 0x0000000087300000|  0%| F|  |TAMS 0x0000000087200000, 0x0000000087200000| Untracked 
| 115|0x0000000087300000, 0x0000000087300000, 0x0000000087400000|  0%| F|  |TAMS 0x0000000087300000, 0x0000000087300000| Untracked 
| 116|0x0000000087400000, 0x0000000087400000, 0x0000000087500000|  0%| F|  |TAMS 0x0000000087400000, 0x0000000087400000| Untracked 
| 117|0x0000000087500000, 0x0000000087500000, 0x0000000087600000|  0%| F|  |TAMS 0x0000000087500000, 0x0000000087500000| Untracked 
| 118|0x0000000087600000, 0x0000000087600000, 0x0000000087700000|  0%| F|  |TAMS 0x0000000087600000, 0x0000000087600000| Untracked 
| 119|0x0000000087700000, 0x0000000087700000, 0x0000000087800000|  0%| F|  |TAMS 0x0000000087700000, 0x0000000087700000| Untracked 
| 120|0x0000000087800000, 0x0000000087800000, 0x0000000087900000|  0%| F|  |TAMS 0x0000000087800000, 0x0000000087800000| Untracked 
| 121|0x0000000087900000, 0x0000000087900000, 0x0000000087a00000|  0%| F|  |TAMS 0x0000000087900000, 0x0000000087900000| Untracked 
| 122|0x0000000087a00000, 0x0000000087a00000, 0x0000000087b00000|  0%| F|  |TAMS 0x0000000087a00000, 0x0000000087a00000| Untracked 
| 123|0x0000000087b00000, 0x0000000087b00000, 0x0000000087c00000|  0%| F|  |TAMS 0x0000000087b00000, 0x0000000087b00000| Untracked 
| 124|0x0000000087c00000, 0x0000000087c00000, 0x0000000087d00000|  0%| F|  |TAMS 0x0000000087c00000, 0x0000000087c00000| Untracked 
| 125|0x0000000087d00000, 0x0000000087d00000, 0x0000000087e00000|  0%| F|  |TAMS 0x0000000087d00000, 0x0000000087d00000| Untracked 
| 126|0x0000000087e00000, 0x0000000087e00000, 0x0000000087f00000|  0%| F|  |TAMS 0x0000000087e00000, 0x0000000087e00000| Untracked 
| 127|0x0000000087f00000, 0x0000000087f00000, 0x0000000088000000|  0%| F|  |TAMS 0x0000000087f00000, 0x0000000087f00000| Untracked 
| 128|0x0000000088000000, 0x0000000088000000, 0x0000000088100000|  0%| F|  |TAMS 0x0000000088000000, 0x0000000088000000| Untracked 
| 129|0x0000000088100000, 0x0000000088100000, 0x0000000088200000|  0%| F|  |TAMS 0x0000000088100000, 0x0000000088100000| Untracked 
| 130|0x0000000088200000, 0x0000000088200000, 0x0000000088300000|  0%| F|  |TAMS 0x0000000088200000, 0x0000000088200000| Untracked 
| 131|0x0000000088300000, 0x0000000088300000, 0x0000000088400000|  0%| F|  |TAMS 0x0000000088300000, 0x0000000088300000| Untracked 
| 132|0x0000000088400000, 0x0000000088400000, 0x0000000088500000|  0%| F|  |TAMS 0x0000000088400000, 0x0000000088400000| Untracked 
| 133|0x0000000088500000, 0x0000000088500000, 0x0000000088600000|  0%| F|  |TAMS 0x0000000088500000, 0x0000000088500000| Untracked 
| 134|0x0000000088600000, 0x0000000088600000, 0x0000000088700000|  0%| F|  |TAMS 0x0000000088600000, 0x0000000088600000| Untracked 
| 135|0x0000000088700000, 0x0000000088700000, 0x0000000088800000|  0%| F|  |TAMS 0x0000000088700000, 0x0000000088700000| Untracked 
| 136|0x0000000088800000, 0x0000000088800000, 0x0000000088900000|  0%| F|  |TAMS 0x0000000088800000, 0x0000000088800000| Untracked 
| 137|0x0000000088900000, 0x0000000088900000, 0x0000000088a00000|  0%| F|  |TAMS 0x0000000088900000, 0x0000000088900000| Untracked 
| 138|0x0000000088a00000, 0x0000000088a00000, 0x0000000088b00000|  0%| F|  |TAMS 0x0000000088a00000, 0x0000000088a00000| Untracked 
| 139|0x0000000088b00000, 0x0000000088b00000, 0x0000000088c00000|  0%| F|  |TAMS 0x0000000088b00000, 0x0000000088b00000| Untracked 
| 140|0x0000000088c00000, 0x0000000088c00000, 0x0000000088d00000|  0%| F|  |TAMS 0x0000000088c00000, 0x0000000088c00000| Untracked 
| 141|0x0000000088d00000, 0x0000000088d00000, 0x0000000088e00000|  0%| F|  |TAMS 0x0000000088d00000, 0x0000000088d00000| Untracked 
| 142|0x0000000088e00000, 0x0000000088e00000, 0x0000000088f00000|  0%| F|  |TAMS 0x0000000088e00000, 0x0000000088e00000| Untracked 
| 143|0x0000000088f00000, 0x0000000088f00000, 0x0000000089000000|  0%| F|  |TAMS 0x0000000088f00000, 0x0000000088f00000| Untracked 
| 144|0x0000000089000000, 0x0000000089000000, 0x0000000089100000|  0%| F|  |TAMS 0x0000000089000000, 0x0000000089000000| Untracked 
| 145|0x0000000089100000, 0x0000000089100000, 0x0000000089200000|  0%| F|  |TAMS 0x0000000089100000, 0x0000000089100000| Untracked 
| 146|0x0000000089200000, 0x0000000089200000, 0x0000000089300000|  0%| F|  |TAMS 0x0000000089200000, 0x0000000089200000| Untracked 
| 147|0x0000000089300000, 0x0000000089300000, 0x0000000089400000|  0%| F|  |TAMS 0x0000000089300000, 0x0000000089300000| Untracked 
| 148|0x0000000089400000, 0x0000000089400000, 0x0000000089500000|  0%| F|  |TAMS 0x0000000089400000, 0x0000000089400000| Untracked 
| 149|0x0000000089500000, 0x0000000089500000, 0x0000000089600000|  0%| F|  |TAMS 0x0000000089500000, 0x0000000089500000| Untracked 
| 150|0x0000000089600000, 0x0000000089600000, 0x0000000089700000|  0%| F|  |TAMS 0x0000000089600000, 0x0000000089600000| Untracked 
| 151|0x0000000089700000, 0x0000000089700000, 0x0000000089800000|  0%| F|  |TAMS 0x0000000089700000, 0x0000000089700000| Untracked 
| 152|0x0000000089800000, 0x0000000089800000, 0x0000000089900000|  0%| F|  |TAMS 0x0000000089800000, 0x0000000089800000| Untracked 
| 153|0x0000000089900000, 0x0000000089900000, 0x0000000089a00000|  0%| F|  |TAMS 0x0000000089900000, 0x0000000089900000| Untracked 
| 154|0x0000000089a00000, 0x0000000089a00000, 0x0000000089b00000|  0%| F|  |TAMS 0x0000000089a00000, 0x0000000089a00000| Untracked 
| 155|0x0000000089b00000, 0x0000000089b00000, 0x0000000089c00000|  0%| F|  |TAMS 0x0000000089b00000, 0x0000000089b00000| Untracked 
| 156|0x0000000089c00000, 0x0000000089c00000, 0x0000000089d00000|  0%| F|  |TAMS 0x0000000089c00000, 0x0000000089c00000| Untracked 
| 157|0x0000000089d00000, 0x0000000089d00000, 0x0000000089e00000|  0%| F|  |TAMS 0x0000000089d00000, 0x0000000089d00000| Untracked 
| 158|0x0000000089e00000, 0x0000000089e00000, 0x0000000089f00000|  0%| F|  |TAMS 0x0000000089e00000, 0x0000000089e00000| Untracked 
| 159|0x0000000089f00000, 0x0000000089f00000, 0x000000008a000000|  0%| F|  |TAMS 0x0000000089f00000, 0x0000000089f00000| Untracked 
| 160|0x000000008a000000, 0x000000008a000000, 0x000000008a100000|  0%| F|  |TAMS 0x000000008a000000, 0x000000008a000000| Untracked 
| 161|0x000000008a100000, 0x000000008a100000, 0x000000008a200000|  0%| F|  |TAMS 0x000000008a100000, 0x000000008a100000| Untracked 
| 162|0x000000008a200000, 0x000000008a200000, 0x000000008a300000|  0%| F|  |TAMS 0x000000008a200000, 0x000000008a200000| Untracked 
| 163|0x000000008a300000, 0x000000008a300000, 0x000000008a400000|  0%| F|  |TAMS 0x000000008a300000, 0x000000008a300000| Untracked 
| 164|0x000000008a400000, 0x000000008a400000, 0x000000008a500000|  0%| F|  |TAMS 0x000000008a400000, 0x000000008a400000| Untracked 
| 165|0x000000008a500000, 0x000000008a500000, 0x000000008a600000|  0%| F|  |TAMS 0x000000008a500000, 0x000000008a500000| Untracked 
| 166|0x000000008a600000, 0x000000008a600000, 0x000000008a700000|  0%| F|  |TAMS 0x000000008a600000, 0x000000008a600000| Untracked 
| 167|0x000000008a700000, 0x000000008a700000, 0x000000008a800000|  0%| F|  |TAMS 0x000000008a700000, 0x000000008a700000| Untracked 
| 168|0x000000008a800000, 0x000000008a800000, 0x000000008a900000|  0%| F|  |TAMS 0x000000008a800000, 0x000000008a800000| Untracked 
| 169|0x000000008a900000, 0x000000008a900000, 0x000000008aa00000|  0%| F|  |TAMS 0x000000008a900000, 0x000000008a900000| Untracked 
| 170|0x000000008aa00000, 0x000000008aa00000, 0x000000008ab00000|  0%| F|  |TAMS 0x000000008aa00000, 0x000000008aa00000| Untracked 
| 171|0x000000008ab00000, 0x000000008ab00000, 0x000000008ac00000|  0%| F|  |TAMS 0x000000008ab00000, 0x000000008ab00000| Untracked 
| 172|0x000000008ac00000, 0x000000008ac00000, 0x000000008ad00000|  0%| F|  |TAMS 0x000000008ac00000, 0x000000008ac00000| Untracked 
| 173|0x000000008ad00000, 0x000000008ad00000, 0x000000008ae00000|  0%| F|  |TAMS 0x000000008ad00000, 0x000000008ad00000| Untracked 
| 174|0x000000008ae00000, 0x000000008ae00000, 0x000000008af00000|  0%| F|  |TAMS 0x000000008ae00000, 0x000000008ae00000| Untracked 
| 175|0x000000008af00000, 0x000000008afd66a0, 0x000000008b000000| 83%| E|  |TAMS 0x000000008af00000, 0x000000008af00000| Complete 
| 176|0x000000008b000000, 0x000000008b100000, 0x000000008b100000|100%| E|CS|TAMS 0x000000008b000000, 0x000000008b000000| Complete 
| 177|0x000000008b100000, 0x000000008b200000, 0x000000008b200000|100%| E|CS|TAMS 0x000000008b100000, 0x000000008b100000| Complete 
| 178|0x000000008b200000, 0x000000008b300000, 0x000000008b300000|100%| E|CS|TAMS 0x000000008b200000, 0x000000008b200000| Complete 
| 179|0x000000008b300000, 0x000000008b400000, 0x000000008b400000|100%| E|CS|TAMS 0x000000008b300000, 0x000000008b300000| Complete 
| 180|0x000000008b400000, 0x000000008b500000, 0x000000008b500000|100%| E|CS|TAMS 0x000000008b400000, 0x000000008b400000| Complete 
| 181|0x000000008b500000, 0x000000008b600000, 0x000000008b600000|100%| E|CS|TAMS 0x000000008b500000, 0x000000008b500000| Complete 
| 182|0x000000008b600000, 0x000000008b700000, 0x000000008b700000|100%| E|CS|TAMS 0x000000008b600000, 0x000000008b600000| Complete 
| 183|0x000000008b700000, 0x000000008b800000, 0x000000008b800000|100%| E|CS|TAMS 0x000000008b700000, 0x000000008b700000| Complete 
| 184|0x000000008b800000, 0x000000008b900000, 0x000000008b900000|100%| E|CS|TAMS 0x000000008b800000, 0x000000008b800000| Complete 
| 185|0x000000008b900000, 0x000000008ba00000, 0x000000008ba00000|100%| E|CS|TAMS 0x000000008b900000, 0x000000008b900000| Complete 
| 186|0x000000008ba00000, 0x000000008bb00000, 0x000000008bb00000|100%| E|CS|TAMS 0x000000008ba00000, 0x000000008ba00000| Complete 
| 187|0x000000008bb00000, 0x000000008bc00000, 0x000000008bc00000|100%| E|CS|TAMS 0x000000008bb00000, 0x000000008bb00000| Complete 
| 188|0x000000008bc00000, 0x000000008bd00000, 0x000000008bd00000|100%| E|CS|TAMS 0x000000008bc00000, 0x000000008bc00000| Complete 
| 189|0x000000008bd00000, 0x000000008be00000, 0x000000008be00000|100%| E|CS|TAMS 0x000000008bd00000, 0x000000008bd00000| Complete 
| 190|0x000000008be00000, 0x000000008bf00000, 0x000000008bf00000|100%| E|CS|TAMS 0x000000008be00000, 0x000000008be00000| Complete 
| 191|0x000000008bf00000, 0x000000008c000000, 0x000000008c000000|100%| E|CS|TAMS 0x000000008bf00000, 0x000000008bf00000| Complete 
| 192|0x000000008c000000, 0x000000008c100000, 0x000000008c100000|100%| E|CS|TAMS 0x000000008c000000, 0x000000008c000000| Complete 
| 193|0x000000008c100000, 0x000000008c200000, 0x000000008c200000|100%| E|CS|TAMS 0x000000008c100000, 0x000000008c100000| Complete 
| 194|0x000000008c200000, 0x000000008c300000, 0x000000008c300000|100%| E|CS|TAMS 0x000000008c200000, 0x000000008c200000| Complete 
| 195|0x000000008c300000, 0x000000008c400000, 0x000000008c400000|100%| E|CS|TAMS 0x000000008c300000, 0x000000008c300000| Complete 
| 196|0x000000008c400000, 0x000000008c500000, 0x000000008c500000|100%| E|CS|TAMS 0x000000008c400000, 0x000000008c400000| Complete 
| 197|0x000000008c500000, 0x000000008c600000, 0x000000008c600000|100%| E|CS|TAMS 0x000000008c500000, 0x000000008c500000| Complete 
| 198|0x000000008c600000, 0x000000008c700000, 0x000000008c700000|100%| E|CS|TAMS 0x000000008c600000, 0x000000008c600000| Complete 
| 199|0x000000008c700000, 0x000000008c800000, 0x000000008c800000|100%| E|CS|TAMS 0x000000008c700000, 0x000000008c700000| Complete 
| 200|0x000000008c800000, 0x000000008c900000, 0x000000008c900000|100%| E|CS|TAMS 0x000000008c800000, 0x000000008c800000| Complete 
| 201|0x000000008c900000, 0x000000008ca00000, 0x000000008ca00000|100%| E|CS|TAMS 0x000000008c900000, 0x000000008c900000| Complete 
| 202|0x000000008ca00000, 0x000000008cb00000, 0x000000008cb00000|100%| E|CS|TAMS 0x000000008ca00000, 0x000000008ca00000| Complete 
| 203|0x000000008cb00000, 0x000000008cc00000, 0x000000008cc00000|100%| E|CS|TAMS 0x000000008cb00000, 0x000000008cb00000| Complete 
| 204|0x000000008cc00000, 0x000000008cd00000, 0x000000008cd00000|100%| E|CS|TAMS 0x000000008cc00000, 0x000000008cc00000| Complete 
| 205|0x000000008cd00000, 0x000000008ce00000, 0x000000008ce00000|100%| E|  |TAMS 0x000000008cd00000, 0x000000008cd00000| Complete 
| 206|0x000000008ce00000, 0x000000008cf00000, 0x000000008cf00000|100%| E|CS|TAMS 0x000000008ce00000, 0x000000008ce00000| Complete 
| 207|0x000000008cf00000, 0x000000008d000000, 0x000000008d000000|100%| E|CS|TAMS 0x000000008cf00000, 0x000000008cf00000| Complete 
| 208|0x000000008d000000, 0x000000008d100000, 0x000000008d100000|100%| E|CS|TAMS 0x000000008d000000, 0x000000008d000000| Complete 
| 209|0x000000008d100000, 0x000000008d200000, 0x000000008d200000|100%| E|CS|TAMS 0x000000008d100000, 0x000000008d100000| Complete 
| 210|0x000000008d200000, 0x000000008d300000, 0x000000008d300000|100%| E|CS|TAMS 0x000000008d200000, 0x000000008d200000| Complete 
| 211|0x000000008d300000, 0x000000008d400000, 0x000000008d400000|100%| E|CS|TAMS 0x000000008d300000, 0x000000008d300000| Complete 
| 212|0x000000008d400000, 0x000000008d500000, 0x000000008d500000|100%| E|CS|TAMS 0x000000008d400000, 0x000000008d400000| Complete 
| 213|0x000000008d500000, 0x000000008d600000, 0x000000008d600000|100%| E|CS|TAMS 0x000000008d500000, 0x000000008d500000| Complete 
| 214|0x000000008d600000, 0x000000008d700000, 0x000000008d700000|100%| E|CS|TAMS 0x000000008d600000, 0x000000008d600000| Complete 
| 215|0x000000008d700000, 0x000000008d800000, 0x000000008d800000|100%| E|CS|TAMS 0x000000008d700000, 0x000000008d700000| Complete 
| 216|0x000000008d800000, 0x000000008d900000, 0x000000008d900000|100%| E|CS|TAMS 0x000000008d800000, 0x000000008d800000| Complete 
| 217|0x000000008d900000, 0x000000008da00000, 0x000000008da00000|100%| E|CS|TAMS 0x000000008d900000, 0x000000008d900000| Complete 
| 218|0x000000008da00000, 0x000000008db00000, 0x000000008db00000|100%| E|CS|TAMS 0x000000008da00000, 0x000000008da00000| Complete 
| 219|0x000000008db00000, 0x000000008dc00000, 0x000000008dc00000|100%| E|CS|TAMS 0x000000008db00000, 0x000000008db00000| Complete 
| 220|0x000000008dc00000, 0x000000008dd00000, 0x000000008dd00000|100%| E|CS|TAMS 0x000000008dc00000, 0x000000008dc00000| Complete 
| 221|0x000000008dd00000, 0x000000008ddd51a8, 0x000000008de00000| 83%| S|CS|TAMS 0x000000008dd00000, 0x000000008dd00000| Complete 
| 222|0x000000008de00000, 0x000000008df00000, 0x000000008df00000|100%| S|CS|TAMS 0x000000008de00000, 0x000000008de00000| Complete 
| 223|0x000000008df00000, 0x000000008e000000, 0x000000008e000000|100%| E|CS|TAMS 0x000000008df00000, 0x000000008df00000| Complete 
| 224|0x000000008e000000, 0x000000008e100000, 0x000000008e100000|100%| E|CS|TAMS 0x000000008e000000, 0x000000008e000000| Complete 
| 225|0x000000008e100000, 0x000000008e200000, 0x000000008e200000|100%| E|CS|TAMS 0x000000008e100000, 0x000000008e100000| Complete 
| 226|0x000000008e200000, 0x000000008e300000, 0x000000008e300000|100%| E|CS|TAMS 0x000000008e200000, 0x000000008e200000| Complete 
| 227|0x000000008e300000, 0x000000008e400000, 0x000000008e400000|100%| E|CS|TAMS 0x000000008e300000, 0x000000008e300000| Complete 
| 228|0x000000008e400000, 0x000000008e500000, 0x000000008e500000|100%| E|CS|TAMS 0x000000008e400000, 0x000000008e400000| Complete 
| 229|0x000000008e500000, 0x000000008e600000, 0x000000008e600000|100%| E|CS|TAMS 0x000000008e500000, 0x000000008e500000| Complete 
| 230|0x000000008e600000, 0x000000008e700000, 0x000000008e700000|100%| E|CS|TAMS 0x000000008e600000, 0x000000008e600000| Complete 
| 231|0x000000008e700000, 0x000000008e800000, 0x000000008e800000|100%| E|CS|TAMS 0x000000008e700000, 0x000000008e700000| Complete 
| 232|0x000000008e800000, 0x000000008e900000, 0x000000008e900000|100%| E|CS|TAMS 0x000000008e800000, 0x000000008e800000| Complete 
| 233|0x000000008e900000, 0x000000008ea00000, 0x000000008ea00000|100%| E|CS|TAMS 0x000000008e900000, 0x000000008e900000| Complete 
| 234|0x000000008ea00000, 0x000000008eb00000, 0x000000008eb00000|100%| E|CS|TAMS 0x000000008ea00000, 0x000000008ea00000| Complete 
| 235|0x000000008eb00000, 0x000000008ec00000, 0x000000008ec00000|100%| E|CS|TAMS 0x000000008eb00000, 0x000000008eb00000| Complete 
| 236|0x000000008ec00000, 0x000000008ed00000, 0x000000008ed00000|100%| E|CS|TAMS 0x000000008ec00000, 0x000000008ec00000| Complete 
| 237|0x000000008ed00000, 0x000000008ee00000, 0x000000008ee00000|100%| E|CS|TAMS 0x000000008ed00000, 0x000000008ed00000| Complete 
| 238|0x000000008ee00000, 0x000000008ef00000, 0x000000008ef00000|100%| E|CS|TAMS 0x000000008ee00000, 0x000000008ee00000| Complete 
| 239|0x000000008ef00000, 0x000000008f000000, 0x000000008f000000|100%| E|CS|TAMS 0x000000008ef00000, 0x000000008ef00000| Complete 
| 240|0x000000008f000000, 0x000000008f100000, 0x000000008f100000|100%| E|CS|TAMS 0x000000008f000000, 0x000000008f000000| Complete 
| 241|0x000000008f100000, 0x000000008f200000, 0x000000008f200000|100%| E|CS|TAMS 0x000000008f100000, 0x000000008f100000| Complete 
| 242|0x000000008f200000, 0x000000008f300000, 0x000000008f300000|100%| E|CS|TAMS 0x000000008f200000, 0x000000008f200000| Complete 
| 243|0x000000008f300000, 0x000000008f400000, 0x000000008f400000|100%| E|CS|TAMS 0x000000008f300000, 0x000000008f300000| Complete 
| 244|0x000000008f400000, 0x000000008f500000, 0x000000008f500000|100%| E|CS|TAMS 0x000000008f400000, 0x000000008f400000| Complete 
| 245|0x000000008f500000, 0x000000008f600000, 0x000000008f600000|100%| E|CS|TAMS 0x000000008f500000, 0x000000008f500000| Complete 
| 246|0x000000008f600000, 0x000000008f700000, 0x000000008f700000|100%| E|CS|TAMS 0x000000008f600000, 0x000000008f600000| Complete 
| 247|0x000000008f700000, 0x000000008f800000, 0x000000008f800000|100%| E|CS|TAMS 0x000000008f700000, 0x000000008f700000| Complete 
| 248|0x000000008f800000, 0x000000008f900000, 0x000000008f900000|100%| E|CS|TAMS 0x000000008f800000, 0x000000008f800000| Complete 
| 249|0x000000008f900000, 0x000000008fa00000, 0x000000008fa00000|100%| E|CS|TAMS 0x000000008f900000, 0x000000008f900000| Complete 
| 250|0x000000008fa00000, 0x000000008fb00000, 0x000000008fb00000|100%| E|CS|TAMS 0x000000008fa00000, 0x000000008fa00000| Complete 
| 251|0x000000008fb00000, 0x000000008fc00000, 0x000000008fc00000|100%| E|CS|TAMS 0x000000008fb00000, 0x000000008fb00000| Complete 
| 252|0x000000008fc00000, 0x000000008fd00000, 0x000000008fd00000|100%| E|CS|TAMS 0x000000008fc00000, 0x000000008fc00000| Complete 
| 253|0x000000008fd00000, 0x000000008fe00000, 0x000000008fe00000|100%| E|CS|TAMS 0x000000008fd00000, 0x000000008fd00000| Complete 

Card table byte_map: [0x00000228fd6e0000,0x00000228fdae0000] _byte_map_base: 0x00000228fd2e0000

Marking Bits (Prev, Next): (CMBitMap*) 0x00000228e9d1f040, (CMBitMap*) 0x00000228e9d1f008
 Prev Bits: [0x0000022880000000, 0x0000022882000000)
 Next Bits: [0x00000228fdee0000, 0x00000228ffee0000)

Polling page: 0x00000228e84c0000

Metaspace:

Usage:
  Non-class:     24.44 MB capacity,    23.88 MB ( 98%) used,   514.16 KB (  2%) free+waste,    60.13 KB ( <1%) overhead. 
      Class:      3.87 MB capacity,     3.63 MB ( 94%) used,   218.10 KB (  6%) free+waste,    30.13 KB ( <1%) overhead. 
       Both:     28.31 MB capacity,    27.51 MB ( 97%) used,   732.27 KB (  3%) free+waste,    90.25 KB ( <1%) overhead. 

Virtual space:
  Non-class space:       26.00 MB reserved,      24.67 MB ( 95%) committed 
      Class space:        1.00 GB reserved,       3.88 MB ( <1%) committed 
             Both:        1.03 GB reserved,      28.55 MB (  3%) committed 

Chunk freelists:
   Non-Class:  44.00 KB
       Class:  7.00 KB
        Both:  51.00 KB

MaxMetaspaceSize: 17179869184.00 GB
CompressedClassSpaceSize: 1.00 GB

CodeHeap 'non-profiled nmethods': size=120000Kb used=1175Kb max_used=1175Kb free=118824Kb
 bounds [0x00000228f5130000, 0x00000228f53a0000, 0x00000228fc660000]
CodeHeap 'profiled nmethods': size=120000Kb used=4597Kb max_used=4597Kb free=115402Kb
 bounds [0x00000228edc00000, 0x00000228ee090000, 0x00000228f5130000]
CodeHeap 'non-nmethods': size=5760Kb used=1151Kb max_used=1215Kb free=4608Kb
 bounds [0x00000228ed660000, 0x00000228ed8d0000, 0x00000228edc00000]
 total_blobs=2773 nmethods=2283 adapters=401
 compilation: enabled
              stopped_count=0, restarted_count=0
 full_count=0

Compilation events (20 events):
Event: 4.069 Thread 0x0000022886e69000 2537   !   4       java.nio.charset.CharsetEncoder::encode (285 bytes)
Event: 4.073 Thread 0x0000022887f3b800 nmethod 2436 0x00000228f5194a10 code [0x00000228f5194bc0, 0x00000228f5195208]
Event: 4.073 Thread 0x0000022887f3b800 2567   !   4       sun.nio.cs.StreamEncoder::flushBuffer (42 bytes)
Event: 4.073 Thread 0x0000022885577000 nmethod 2587 0x00000228edf4ed10 code [0x00000228edf4eec0, 0x00000228edf4f048]
Event: 4.073 Thread 0x0000022885577000 2589       2       com.google.common.base.Equivalence$Equals::doHash (5 bytes)
Event: 4.073 Thread 0x0000022885577000 nmethod 2589 0x00000228edf0bf90 code [0x00000228edf0c140, 0x00000228edf0c268]
Event: 4.080 Thread 0x0000022885571800 nmethod 2197 0x00000228f524cb10 code [0x00000228f524d1c0, 0x00000228f52556e0]
Event: 4.082 Thread 0x0000022885571800 2590   !   4       java.io.ObjectOutputStream::writeOrdinaryObject (175 bytes)
Event: 4.092 Thread 0x0000022887f3b800 nmethod 2567 0x00000228f5193690 code [0x00000228f5193880, 0x00000228f5194278]
Event: 4.092 Thread 0x0000022886e69000 nmethod 2537 0x00000228f51b7b10 code [0x00000228f51b7d60, 0x00000228f51b82b0]
Event: 4.092 Thread 0x0000022887f3b800 2591       4       java.io.ObjectOutputStream$HandleTable::assign (52 bytes)
Event: 4.092 Thread 0x0000022886e69000 2592   !   4       java.io.ObjectStreamClass::lookup (334 bytes)
Event: 4.098 Thread 0x0000022885577000 2594       2       org.gradle.internal.time.TimeSource$1::nanoTime (4 bytes)
Event: 4.099 Thread 0x0000022885577000 nmethod 2594 0x00000228edf0c810 code [0x00000228edf0c9c0, 0x00000228edf0cab8]
Event: 4.099 Thread 0x0000022885577000 2595       1       org.gradle.internal.event.DefaultListenerManager::access$100 (5 bytes)
Event: 4.099 Thread 0x0000022885577000 nmethod 2595 0x00000228f5187490 code [0x00000228f5187640, 0x00000228f51876d8]
Event: 4.105 Thread 0x0000022885577000 2599 %     3       java.io.ObjectOutputStream$BlockDataOutputStream::writeBytes @ 95 (144 bytes)
Event: 4.106 Thread 0x0000022885577000 nmethod 2599% 0x00000228ee07b210 code [0x00000228ee07b440, 0x00000228ee07bbf8]
Event: 4.106 Thread 0x0000022885577000 2600 %     3       java.io.ObjectOutputStream$BlockDataOutputStream::getUTFLength @ 47 (124 bytes)
Event: 4.107 Thread 0x0000022885577000 nmethod 2600% 0x00000228ee07bf90 code [0x00000228ee07c1a0, 0x00000228ee07c848]

GC Heap History (6 events):
Event: 0.810 GC heap before
{Heap before GC invocations=0 (full 0):
 garbage-first heap   total 260096K, used 29696K [0x0000000080000000, 0x0000000100000000)
  region size 1024K, 24 young (24576K), 0 survivors (0K)
 Metaspace       used 10436K, capacity 10727K, committed 11008K, reserved 1058816K
  class space    used 1096K, capacity 1193K, committed 1280K, reserved 1048576K
}
Event: 0.813 GC heap after
{Heap after GC invocations=1 (full 0):
 garbage-first heap   total 260096K, used 9238K [0x0000000080000000, 0x0000000100000000)
  region size 1024K, 3 young (3072K), 3 survivors (3072K)
 Metaspace       used 10436K, capacity 10727K, committed 11008K, reserved 1058816K
  class space    used 1096K, capacity 1193K, committed 1280K, reserved 1048576K
}
Event: 3.208 GC heap before
{Heap before GC invocations=1 (full 0):
 garbage-first heap   total 260096K, used 93206K [0x0000000080000000, 0x0000000100000000)
  region size 1024K, 87 young (89088K), 3 survivors (3072K)
 Metaspace       used 20626K, capacity 21190K, committed 21296K, reserved 1069056K
  class space    used 2524K, capacity 2688K, committed 2688K, reserved 1048576K
}
Event: 3.216 GC heap after
{Heap after GC invocations=2 (full 0):
 garbage-first heap   total 260096K, used 16500K [0x0000000080000000, 0x0000000100000000)
  region size 1024K, 11 young (11264K), 11 survivors (11264K)
 Metaspace       used 20626K, capacity 21190K, committed 21296K, reserved 1069056K
  class space    used 2524K, capacity 2688K, committed 2688K, reserved 1048576K
}
Event: 3.510 GC heap before
{Heap before GC invocations=3 (full 0):
 garbage-first heap   total 260096K, used 48244K [0x0000000080000000, 0x0000000100000000)
  region size 1024K, 42 young (43008K), 11 survivors (11264K)
 Metaspace       used 24356K, capacity 25027K, committed 25264K, reserved 1071104K
  class space    used 3111K, capacity 3311K, committed 3328K, reserved 1048576K
}
Event: 3.515 GC heap after
{Heap after GC invocations=4 (full 0):
 garbage-first heap   total 260096K, used 18327K [0x0000000080000000, 0x0000000100000000)
  region size 1024K, 2 young (2048K), 2 survivors (2048K)
 Metaspace       used 24356K, capacity 25027K, committed 25264K, reserved 1071104K
  class space    used 3111K, capacity 3311K, committed 3328K, reserved 1048576K
}

Deoptimization events (20 events):
Event: 3.752 Thread 0x00000228869e7800 DEOPT PACKING pc=0x00000228f51b11d0 sp=0x000000e2646f6500
Event: 3.752 Thread 0x00000228869e7800 DEOPT UNPACKING pc=0x00000228ed6874af sp=0x000000e2646f64d8 mode 2
Event: 3.790 Thread 0x00000228869e7800 DEOPT PACKING pc=0x00000228edf78a1b sp=0x000000e2646f88b0
Event: 3.790 Thread 0x00000228869e7800 DEOPT UNPACKING pc=0x00000228ed6872ce sp=0x000000e2646f7d20 mode 0
Event: 3.801 Thread 0x00000228869e7800 DEOPT PACKING pc=0x00000228ee04d294 sp=0x000000e2646f5390
Event: 3.801 Thread 0x00000228869e7800 DEOPT UNPACKING pc=0x00000228ed6872ce sp=0x000000e2646f4980 mode 0
Event: 3.831 Thread 0x00000228869e7800 DEOPT PACKING pc=0x00000228edf78a1b sp=0x000000e2646f8350
Event: 3.831 Thread 0x00000228869e7800 DEOPT UNPACKING pc=0x00000228ed6872ce sp=0x000000e2646f77c0 mode 0
Event: 3.852 Thread 0x00000228869e7800 DEOPT PACKING pc=0x00000228edf78a1b sp=0x000000e2646fa360
Event: 3.852 Thread 0x00000228869e7800 DEOPT UNPACKING pc=0x00000228ed6872ce sp=0x000000e2646f97d0 mode 0
Event: 3.949 Thread 0x00000228869e7800 Uncommon trap: trap_request=0xffffff4d fr.pc=0x00000228f521b94c relative=0x000000000000020c
Event: 3.949 Thread 0x00000228869e7800 Uncommon trap: reason=unstable_if action=reinterpret pc=0x00000228f521b94c method=java.util.HashMap.hash(Ljava/lang/Object;)I @ 1 c2
Event: 3.949 Thread 0x00000228869e7800 DEOPT PACKING pc=0x00000228f521b94c sp=0x000000e2646f8d40
Event: 3.949 Thread 0x00000228869e7800 DEOPT UNPACKING pc=0x00000228ed6874af sp=0x000000e2646f8c78 mode 2
Event: 3.959 Thread 0x00000228869e7800 Uncommon trap: trap_request=0xffffff4d fr.pc=0x00000228f516d22c relative=0x000000000000008c
Event: 3.959 Thread 0x00000228869e7800 Uncommon trap: reason=unstable_if action=reinterpret pc=0x00000228f516d22c method=java.util.HashMap.hash(Ljava/lang/Object;)I @ 1 c2
Event: 3.959 Thread 0x00000228869e7800 DEOPT PACKING pc=0x00000228f516d22c sp=0x000000e2646f8670
Event: 3.959 Thread 0x00000228869e7800 DEOPT UNPACKING pc=0x00000228ed6874af sp=0x000000e2646f8608 mode 2
Event: 4.058 Thread 0x00000228869e7800 DEOPT PACKING pc=0x00000228edff046e sp=0x000000e2646f9340
Event: 4.058 Thread 0x00000228869e7800 DEOPT UNPACKING pc=0x00000228ed6872ce sp=0x000000e2646f8860 mode 0

Classes redefined (0 events):
No events

Internal exceptions (20 events):
Event: 3.959 Thread 0x00000228869e7800 Implicit null exception at 0x00000228f516d1af to 0x00000228f516d21d
Event: 3.977 Thread 0x00000228874e8000 StackOverflowError at 0x00000228edc182e0
Event: 3.977 Thread 0x00000228874e8000 Exception <a 'java/lang/StackOverflowError'{0x000000008c827eb8}> (0x000000008c827eb8) thrown at [./src/hotspot/share/runtime/sharedRuntime.cpp, line 584]
Event: 3.998 Thread 0x00000228874e8000 StackOverflowError at 0x00000228edc182e0
Event: 3.998 Thread 0x00000228874e8000 Exception <a 'java/lang/StackOverflowError'{0x000000008c4870f0}> (0x000000008c4870f0) thrown at [./src/hotspot/share/runtime/sharedRuntime.cpp, line 584]
Event: 4.021 Thread 0x00000228874e8000 StackOverflowError at 0x00000228edc182e0
Event: 4.021 Thread 0x00000228874e8000 Exception <a 'java/lang/StackOverflowError'{0x000000008c105b38}> (0x000000008c105b38) thrown at [./src/hotspot/share/runtime/sharedRuntime.cpp, line 584]
Event: 4.029 Thread 0x00000228869e7800 Exception <a 'java/lang/NoSuchMethodError'{0x000000008c192668}: 'java.lang.Object java.lang.invoke.DirectMethodHandle$Holder.invokeSpecialIFC(java.lang.Object, java.lang.Object, java.lang.Object, java.lang.Object)'> (0x000000008c192668) thrown at [./src/hotspot/share/interpreter/linkResolver.cpp, line 773]
Event: 4.037 Thread 0x00000228869e7800 Exception <a 'java/lang/NoSuchMethodError'{0x000000008be2b3f8}: 'java.lang.Object java.lang.invoke.DirectMethodHandle$Holder.invokeSpecial(java.lang.Object, java.lang.Object, java.lang.Object, java.lang.Object, java.lang.Object, java.lang.Object, java.lang.Object, java.lang.Object, java.lang.Object, java.lang.Object, java.lang.Object, java.lang.Object, java.lang.Object)'> (0x000000008be2b3f8) thrown at [./src/hotspot/share/interpreter/linkResolver.cpp, line 773]
Event: 4.038 Thread 0x00000228869e7800 Exception <a 'java/lang/NoSuchMethodError'{0x000000008be3c680}: 'java.lang.Object java.lang.invoke.DirectMethodHandle$Holder.invokeSpecial(java.lang.Object, java.lang.Object, java.lang.Object, java.lang.Object, java.lang.Object, java.lang.Object, java.lang.Object, java.lang.Object, java.lang.Object, java.lang.Object, java.lang.Object, java.lang.Object)'> (0x000000008be3c680) thrown at [./src/hotspot/share/interpreter/linkResolver.cpp, line 773]
Event: 4.039 Thread 0x00000228874e8000 StackOverflowError at 0x00000228edc182e0
Event: 4.039 Thread 0x00000228874e8000 Exception <a 'java/lang/StackOverflowError'{0x000000008bf835a0}> (0x000000008bf835a0) thrown at [./src/hotspot/share/runtime/sharedRuntime.cpp, line 584]
Event: 4.041 Thread 0x00000228869e7800 Exception <a 'java/lang/NoSuchMethodError'{0x000000008be417a8}: 'java.lang.Object java.lang.invoke.Invokers$Holder.linkToTargetMethod(java.lang.Object, java.lang.Object, java.lang.Object, java.lang.Object, java.lang.Object, java.lang.Object, java.lang.Object, java.lang.Object, java.lang.Object, java.lang.Object, java.lang.Object)'> (0x000000008be417a8) thrown at [./src/hotspot/share/interpreter/linkResolver.cpp, line 773]
Event: 4.058 Thread 0x00000228869e7800 Exception <a 'java/lang/NoSuchMethodError'{0x000000008bb2ad40}: 'java.lang.Object java.lang.invoke.DirectMethodHandle$Holder.invokeSpecial(java.lang.Object, java.lang.Object, java.lang.Object, java.lang.Object, java.lang.Object, java.lang.Object, java.lang.Object, java.lang.Object, java.lang.Object, java.lang.Object, java.lang.Object, java.lang.Object, java.lang.Object, java.lang.Object)'> (0x000000008bb2ad40) thrown at [./src/hotspot/share/interpreter/linkResolver.cpp, line 773]
Event: 4.060 Thread 0x00000228869e7800 Exception <a 'java/lang/NoSuchMethodError'{0x000000008bb3f568}: 'java.lang.Object java.lang.invoke.Invokers$Holder.linkToTargetMethod(java.lang.Object, java.lang.Object, java.lang.Object, java.lang.Object, java.lang.Object, java.lang.Object, java.lang.Object, java.lang.Object, java.lang.Object, java.lang.Object, java.lang.Object, java.lang.Object)'> (0x000000008bb3f568) thrown at [./src/hotspot/share/interpreter/linkResolver.cpp, line 773]
Event: 4.067 Thread 0x00000228874e8000 StackOverflowError at 0x00000228edc182e0
Event: 4.067 Thread 0x00000228874e8000 Exception <a 'java/lang/StackOverflowError'{0x000000008bceecf0}> (0x000000008bceecf0) thrown at [./src/hotspot/share/runtime/sharedRuntime.cpp, line 584]
Event: 4.096 Thread 0x00000228869e7800 Exception <a 'java/lang/NoSuchMethodError'{0x000000008b98e070}: 'java.lang.Object java.lang.invoke.DirectMethodHandle$Holder.invokeStaticInit(java.lang.Object, java.lang.Object, java.lang.Object, java.lang.Object)'> (0x000000008b98e070) thrown at [./src/hotspot/share/interpreter/linkResolver.cpp, line 773]
Event: 4.100 Thread 0x00000228874e8000 StackOverflowError at 0x00000228edc182e0
Event: 4.100 Thread 0x00000228874e8000 Exception <a 'java/lang/StackOverflowError'{0x000000008b9f0108}> (0x000000008b9f0108) thrown at [./src/hotspot/share/runtime/sharedRuntime.cpp, line 584]

Events (20 events):
Event: 4.099 loading class org/gradle/api/internal/artifacts/configurations/dynamicversion/Expiry
Event: 4.099 loading class org/gradle/api/internal/artifacts/configurations/dynamicversion/Expiry done
Event: 4.099 loading class org/gradle/api/artifacts/component/ModuleComponentSelector
Event: 4.099 loading class org/gradle/api/artifacts/component/ModuleComponentSelector done
Event: 4.103 loading class org/gradle/api/internal/artifacts/ivyservice/ivyresolve/ChangingValueDependencyResolutionListener$1
Event: 4.103 loading class org/gradle/api/internal/artifacts/ivyservice/ivyresolve/ChangingValueDependencyResolutionListener$1 done
Event: 4.104 loading class org/gradle/api/internal/artifacts/component/DefaultComponentIdentifierFactory
Event: 4.104 loading class org/gradle/api/internal/artifacts/component/DefaultComponentIdentifierFactory done
Event: 4.106 loading class org/gradle/api/internal/artifacts/ivyservice/resolveengine/excludes/factories/ExcludeFactory
Event: 4.106 loading class org/gradle/api/internal/artifacts/ivyservice/resolveengine/excludes/factories/ExcludeFactory done
Event: 4.107 loading class org/gradle/api/internal/artifacts/ivyservice/resolveengine/excludes/specs/ExcludeSpec
Event: 4.107 loading class org/gradle/api/internal/artifacts/ivyservice/resolveengine/excludes/specs/ExcludeSpec done
Event: 4.107 loading class org/gradle/api/internal/artifacts/ivyservice/resolveengine/excludes/factories/CachingExcludeFactory$MergeCaches
Event: 4.107 loading class org/gradle/api/internal/artifacts/ivyservice/resolveengine/excludes/factories/CachingExcludeFactory$MergeCaches done
Event: 4.108 loading class org/gradle/api/internal/artifacts/ivyservice/resolveengine/excludes/factories/CachingExcludeFactory$ConcurrentCache
Event: 4.108 loading class org/gradle/api/internal/artifacts/ivyservice/resolveengine/excludes/factories/CachingExcludeFactory$ConcurrentCache done
Event: 4.109 loading class org/gradle/api/internal/artifacts/ivyservice/resolveengine/excludes/factories/OptimizingExcludeFactory
Event: 4.109 loading class org/gradle/api/internal/artifacts/ivyservice/resolveengine/excludes/factories/OptimizingExcludeFactory done
Event: 4.109 loading class org/gradle/api/internal/artifacts/ivyservice/resolveengine/excludes/factories/DelegatingExcludeFactory
Event: 4.109 loading class org/gradle/api/internal/artifacts/ivyservice/resolveengine/excludes/factories/DelegatingExcludeFactory done


Dynamic libraries:
0x00007ff7a9400000 - 0x00007ff7a940a000 	F:\android-studio\jre\bin\java.exe
0x00007ffc64f70000 - 0x00007ffc65165000 	C:\WINDOWS\SYSTEM32\ntdll.dll
0x00007ffc647b0000 - 0x00007ffc6486d000 	C:\WINDOWS\System32\KERNEL32.DLL
0x00007ffc627b0000 - 0x00007ffc62a78000 	C:\WINDOWS\System32\KERNELBASE.dll
0x00007ffc626b0000 - 0x00007ffc627b0000 	C:\WINDOWS\System32\ucrtbase.dll
0x00007ffc5d490000 - 0x00007ffc5d4a7000 	F:\android-studio\jre\bin\VCRUNTIME140.dll
0x00007ffc5b2a0000 - 0x00007ffc5b2b9000 	F:\android-studio\jre\bin\jli.dll
0x00007ffc648d0000 - 0x00007ffc64a70000 	C:\WINDOWS\System32\USER32.dll
0x00007ffc62d10000 - 0x00007ffc62d32000 	C:\WINDOWS\System32\win32u.dll
0x00007ffc64100000 - 0x00007ffc6412a000 	C:\WINDOWS\System32\GDI32.dll
0x00007ffc484e0000 - 0x00007ffc4877a000 	C:\WINDOWS\WinSxS\amd64_microsoft.windows.common-controls_6595b64144ccf1df_6.0.19041.844_none_ca00b6081b84eb1d\COMCTL32.dll
0x00007ffc62d40000 - 0x00007ffc62e4b000 	C:\WINDOWS\System32\gdi32full.dll
0x00007ffc64060000 - 0x00007ffc640fe000 	C:\WINDOWS\System32\msvcrt.dll
0x00007ffc62ae0000 - 0x00007ffc62b7d000 	C:\WINDOWS\System32\msvcp_win.dll
0x00007ffc64ea0000 - 0x00007ffc64ed0000 	C:\WINDOWS\System32\IMM32.DLL
0x00007ffc37920000 - 0x00007ffc379bd000 	F:\android-studio\jre\bin\msvcp140.dll
0x00007ffc0f3a0000 - 0x00007ffc0fe5c000 	F:\android-studio\jre\bin\server\jvm.dll
0x00007ffc642a0000 - 0x00007ffc6434c000 	C:\WINDOWS\System32\ADVAPI32.dll
0x00007ffc64130000 - 0x00007ffc641cb000 	C:\WINDOWS\System32\sechost.dll
0x00007ffc64490000 - 0x00007ffc645bb000 	C:\WINDOWS\System32\RPCRT4.dll
0x00007ffc63280000 - 0x00007ffc63288000 	C:\WINDOWS\System32\PSAPI.DLL
0x00007ffc4dd80000 - 0x00007ffc4dda7000 	C:\WINDOWS\SYSTEM32\WINMM.dll
0x00007ffc5b660000 - 0x00007ffc5b669000 	C:\WINDOWS\SYSTEM32\WSOCK32.dll
0x00007ffc63210000 - 0x00007ffc6327b000 	C:\WINDOWS\System32\WS2_32.dll
0x00007ffc59f70000 - 0x00007ffc59f7a000 	C:\WINDOWS\SYSTEM32\VERSION.dll
0x00007ffc60f40000 - 0x00007ffc60f52000 	C:\WINDOWS\SYSTEM32\kernel.appcore.dll
0x00007ffc3ff10000 - 0x00007ffc3ff21000 	F:\android-studio\jre\bin\verify.dll
0x00007ffc604b0000 - 0x00007ffc60694000 	C:\WINDOWS\SYSTEM32\DBGHELP.DLL
0x00007ffc462b0000 - 0x00007ffc462dc000 	C:\WINDOWS\SYSTEM32\dbgcore.DLL
0x00007ffc62f50000 - 0x00007ffc62fd0000 	C:\WINDOWS\System32\bcryptPrimitives.dll
0x00007ffc39070000 - 0x00007ffc39099000 	F:\android-studio\jre\bin\java.dll
0x00007ffc3ff00000 - 0x00007ffc3ff0b000 	F:\android-studio\jre\bin\jimage.dll
0x00007ffc3f900000 - 0x00007ffc3f918000 	F:\android-studio\jre\bin\zip.dll
0x00007ffc63290000 - 0x00007ffc639d2000 	C:\WINDOWS\System32\SHELL32.dll
0x00007ffc60790000 - 0x00007ffc60f21000 	C:\WINDOWS\SYSTEM32\windows.storage.dll
0x00007ffc64a70000 - 0x00007ffc64dc5000 	C:\WINDOWS\System32\combase.dll
0x00007ffc62120000 - 0x00007ffc6214c000 	C:\WINDOWS\SYSTEM32\Wldp.dll
0x00007ffc645c0000 - 0x00007ffc6466e000 	C:\WINDOWS\System32\SHCORE.dll
0x00007ffc64ed0000 - 0x00007ffc64f25000 	C:\WINDOWS\System32\shlwapi.dll
0x00007ffc625f0000 - 0x00007ffc6260f000 	C:\WINDOWS\SYSTEM32\profapi.dll
0x00007ffc39020000 - 0x00007ffc3903a000 	F:\android-studio\jre\bin\net.dll
0x00007ffc4f9f0000 - 0x00007ffc4fafb000 	C:\WINDOWS\SYSTEM32\WINHTTP.dll
0x00007ffc61e00000 - 0x00007ffc61e6a000 	C:\WINDOWS\system32\mswsock.dll
0x00007ffc37f90000 - 0x00007ffc37fa4000 	F:\android-studio\jre\bin\nio.dll
0x00007ffc3a6d0000 - 0x00007ffc3a6f7000 	C:\Users\HP\.gradle\native\fdc75f09e3144964f2cf3f50f0aa648679c211496f362492102eb8c894070792\windows-amd64\native-platform.dll
0x00007ffc0f200000 - 0x00007ffc0f396000 	C:\Users\HP\.gradle\native\12488b8bf47d2d4c9fbf2f6322a914ad602e24e48041cd04a747c6da556b65c4\windows-amd64\native-platform-file-events.dll
0x00007ffc3ab80000 - 0x00007ffc3ab8a000 	F:\android-studio\jre\bin\management.dll
0x00007ffc3a660000 - 0x00007ffc3a66c000 	F:\android-studio\jre\bin\management_ext.dll
0x00007ffc62040000 - 0x00007ffc62058000 	C:\WINDOWS\SYSTEM32\CRYPTSP.dll
0x00007ffc61720000 - 0x00007ffc61754000 	C:\WINDOWS\system32\rsaenh.dll
0x00007ffc62ce0000 - 0x00007ffc62d07000 	C:\WINDOWS\System32\bcrypt.dll
0x00007ffc62570000 - 0x00007ffc6259e000 	C:\WINDOWS\SYSTEM32\USERENV.dll
0x00007ffc62060000 - 0x00007ffc6206c000 	C:\WINDOWS\SYSTEM32\CRYPTBASE.dll
0x00007ffc61ad0000 - 0x00007ffc61b0b000 	C:\WINDOWS\SYSTEM32\IPHLPAPI.DLL
0x00007ffc64480000 - 0x00007ffc64488000 	C:\WINDOWS\System32\NSI.dll
0x00007ffc5e030000 - 0x00007ffc5e047000 	C:\WINDOWS\SYSTEM32\dhcpcsvc6.DLL
0x00007ffc5e010000 - 0x00007ffc5e02d000 	C:\WINDOWS\SYSTEM32\dhcpcsvc.DLL
0x00007ffc61b10000 - 0x00007ffc61bdc000 	C:\WINDOWS\SYSTEM32\DNSAPI.dll
0x00007ffc59200000 - 0x00007ffc5920b000 	C:\WINDOWS\SYSTEM32\WINNSI.DLL

dbghelp: loaded successfully - version: 4.0.5 - missing functions: none
symbol engine: initialized successfully - sym options: 0x614 - pdb path: .;F:\android-studio\jre\bin;C:\WINDOWS\SYSTEM32;C:\WINDOWS\WinSxS\amd64_microsoft.windows.common-controls_6595b64144ccf1df_6.0.19041.844_none_ca00b6081b84eb1d;F:\android-studio\jre\bin\server;C:\Users\HP\.gradle\native\fdc75f09e3144964f2cf3f50f0aa648679c211496f362492102eb8c894070792\windows-amd64;C:\Users\HP\.gradle\native\12488b8bf47d2d4c9fbf2f6322a914ad602e24e48041cd04a747c6da556b65c4\windows-amd64

VM Arguments:
jvm_args: --add-opens=java.base/java.util=ALL-UNNAMED --add-opens=java.base/java.lang=ALL-UNNAMED --add-opens=java.base/java.lang.invoke=ALL-UNNAMED --add-opens=java.prefs/java.util.prefs=ALL-UNNAMED -Xmx2048m -Dfile.encoding=UTF-8 -Duser.country=CN -Duser.language=zh -Duser.variant 
java_command: org.gradle.launcher.daemon.bootstrap.GradleDaemon 6.7.1
java_class_path (initial): C:\Users\HP\.gradle\wrapper\dists\gradle-6.7.1-all\2moa8rlfac5eqlcfgk98k0deb\gradle-6.7.1\lib\gradle-launcher-6.7.1.jar
Launcher Type: SUN_STANDARD

[Global flags]
     intx CICompilerCount                          = 4                                         {product} {ergonomic}
     uint ConcGCThreads                            = 3                                         {product} {ergonomic}
     uint G1ConcRefinementThreads                  = 10                                        {product} {ergonomic}
   size_t G1HeapRegionSize                         = 1048576                                   {product} {ergonomic}
    uintx GCDrainStackTargetSize                   = 64                                        {product} {ergonomic}
   size_t InitialHeapSize                          = 266338304                                 {product} {ergonomic}
   size_t MarkStackSize                            = 4194304                                   {product} {ergonomic}
   size_t MaxHeapSize                              = 2147483648                                {product} {command line}
   size_t MaxNewSize                               = 1287651328                                {product} {ergonomic}
   size_t MinHeapDeltaBytes                        = 1048576                                   {product} {ergonomic}
    uintx NonNMethodCodeHeapSize                   = 5836300                                {pd product} {ergonomic}
    uintx NonProfiledCodeHeapSize                  = 122910970                              {pd product} {ergonomic}
    uintx ProfiledCodeHeapSize                     = 122910970                              {pd product} {ergonomic}
    uintx ReservedCodeCacheSize                    = 251658240                              {pd product} {ergonomic}
     bool SegmentedCodeCache                       = true                                      {product} {ergonomic}
     bool UseCompressedClassPointers               = true                                 {lp64_product} {ergonomic}
     bool UseCompressedOops                        = true                                 {lp64_product} {ergonomic}
     bool UseG1GC                                  = true                                      {product} {ergonomic}
     bool UseLargePagesIndividualAllocation        = false                                  {pd product} {ergonomic}

Logging:
Log output configuration:
 #0: stdout all=warning uptime,level,tags
 #1: stderr all=off uptime,level,tags

Environment Variables:
PATH=G:\;C:\Program Files\NVIDIA GPU Computing Toolkit\CUDA\v10.1\bin;C:\Program Files\NVIDIA GPU Computing Toolkit\CUDA\v10.1\libnvvp;C:\Program Files\Java\jdk-13.0.1\bin;C:\Program Files\dotnet\;C:\RT\msys64\mingw64\bin;F:\■■■基本没啥用;C:\Prog;am Files\NVIDIA Corporation\Nsight Compute 2019.1\;C:\Strawberry\c\bin;C:\Strawberry\perl\site\bin;C:\Strawberry\perl\bin;C:\Program Files\NVIDIA Corporation\NVIDIA NvDLISR;C:\Program Files\nodejs\;C:\Program Files (x86)\NetSarang\Xshell 7\;C:\Program Files (x86)\NetSarang\Xftp 7\;G:\Git\cmd;C:\Windows\System32;;C:\WINDOWS\system32;C:\WINDOWS;C:\WINDOWS\System32\Wbem;C:\WINDOWS\System32\WindowsPowerShell\v1.0\;C:\WINDOWS\System32\OpenSSH\;C:\Program Files\Docker\Docker\resources\bin;C:\ProgramData\DockerDesktop\version-bin;C:\Users\HP\anaconda3;C:\Users\HP\anaconda3\Library\mingw-w64\bin;C:\Users\HP\anaconda3\Library\usr\bin;C:\Users\HP\anaconda3\Library\bin;C:\Users\HP\anaconda3\Scripts;C:\RT\msys64\mingw64\bin;C:\Program Files\Java\jdk-13.0.1\bin;C:\RT\msys64\mingw64\include;E:\Microsoft VS Code\bin;G:\IntelliJ IDEA 2019.2.4\bin;G:\IntelliJ IDEA Community Edition 2019.2.4\bin;C:\Program Files\Bandizip\;G:\PyCharm Community Edition 2019.3.4\bin;C:\Users\HP\AppData\Local\GitHubDesktop\bin;C:\Users\HP\AppData\Roaming\npm;G:\DevEco Studio\bin;;C:\Users\HP\AppData\Local\Microsoft\WindowsApps;;D:\JavaScript Location\WebStorm 2021.1\bin;;D:\CLion\CLion 2021.1\bin;
USERNAME=HP
OS=Windows_NT
PROCESSOR_IDENTIFIER=Intel64 Family 6 Model 158 Stepping 10, GenuineIntel



---------------  S Y S T E M  ---------------

OS: Windows 10 , 64 bit Build 19041 (10.0.19041.928)
OS uptime: 1 days 8:56 hours
HyperV virtualization detected

CPU:total 12 (initial active 12) (6 cores per cpu, 2 threads per core) family 6 model 158 stepping 10, cmov, cx8, fxsr, mmx, sse, sse2, sse3, ssse3, sse4.1, sse4.2, popcnt, avx, avx2, aes, clmul, erms, 3dnowpref, lzcnt, ht, tsc, tscinvbit, bmi1, bmi2, adx, fma

Memory: 4k page, system-wide physical 16224M (4416M free)
TotalPageFile size 32448M (AvailPageFile size 13291M)
current process WorkingSet (physical memory assigned to process): 267M, peak: 274M
current process commit charge ("private bytes"): 444M, peak: 454M

vm_info: OpenJDK 64-Bit Server VM (11.0.8+10-b944.6842174) for windows-amd64 JRE (11.0.8+10-b944.6842174), built on Sep 19 2020 01:11:42 by "builder" with MS VC++ 14.0 (VS2015)

END.
